18:11:09.296 [http-nio-9201-exec-1] ERROR c.f.s.t.c.TestController - [log,29] - 我是error级别的日志
18:12:27.883 [http-nio-9201-exec-1] ERROR c.f.c.s.GlobalExceptionHandler - [handleHttpRequestMethodNotSupported,23] - 请求地址'/sysUser/login',不支持'GET'请求
20:19:09.622 [main] ERROR o.s.b.d.LoggingFailureAnalysisReporter - [report,40] - 

***************************
APPLICATION FAILED TO START
***************************

Description:

Failed to configure a DataSource: 'url' attribute is not specified and no embedded datasource could be configured.

Reason: Failed to determine a suitable driver class


Action:

Consider the following:
	If you want an embedded database (H2, HSQL or Derby), please put it on the classpath.
	If you have database settings to be loaded from a particular profile you may need to activate it (the profiles local are currently active).

20:21:12.723 [main] ERROR o.s.b.d.LoggingFailureAnalysisReporter - [report,40] - 

***************************
APPLICATION FAILED TO START
***************************

Description:

Failed to configure a DataSource: 'url' attribute is not specified and no embedded datasource could be configured.

Reason: Failed to determine a suitable driver class


Action:

Consider the following:
	If you want an embedded database (H2, HSQL or Derby), please put it on the classpath.
	If you have database settings to be loaded from a particular profile you may need to activate it (the profiles local are currently active).

20:31:15.223 [http-nio-9201-exec-2] ERROR c.f.c.s.GlobalExceptionHandler - [handleHttpRequestMethodNotSupported,23] - 请求地址'/sysUser/login',不支持'GET'请求
