03:14:14.230 [background-preinit] INFO  o.h.v.i.util.Version - [<clinit>,21] - HV000001: Hibernate Validator 8.0.0.Final
03:14:14.328 [main] INFO  c.a.n.c.u.ParamUtil - [<clinit>,87] - [settings] [req-serv] nacos-server port:8848
03:14:14.328 [main] INFO  c.a.n.c.u.ParamUtil - [<clinit>,98] - [settings] [http-client] connect timeout:1000
03:14:14.329 [main] INFO  c.a.n.c.u.ParamUtil - [<clinit>,105] - PER_TASK_CONFIG_SIZE: 3000.0
03:14:14.341 [main] INFO  c.a.n.p.a.s.c.ClientAuthPluginManager - [init,56] - [ClientAuthPluginManager] Load ClientAuthService com.alibaba.nacos.client.auth.impl.NacosClientAuthServiceImpl success.
03:14:14.342 [main] INFO  c.a.n.p.a.s.c.ClientAuthPluginManager - [init,56] - [ClientAuthPluginManager] Load ClientAuthService com.alibaba.nacos.client.auth.ram.RamClientAuthServiceImpl success.
03:14:14.355 [main] INFO  c.a.n.c.a.r.i.CredentialWatcher - [loadCredential,165] - null No credential found
03:14:14.392 [main] INFO  c.a.n.c.c.i.LocalConfigInfoProcessor - [<clinit>,63] - LOCAL_SNAPSHOT_PATH:/Users/fly/nacos/config
03:14:14.393 [main] INFO  c.a.n.c.r.client - [lambda$createClient$0,108] - [RpcClientFactory] create a new rpc client of 19241d32-7681-49e9-a255-f2b30d523689_config-0
03:14:14.398 [main] INFO  c.a.n.c.r.client - [printIfInfoEnabled,63] - [19241d32-7681-49e9-a255-f2b30d523689_config-0] Register server push request handler:com.alibaba.nacos.client.config.impl.ClientWorker$ConfigRpcTransportClient$$Lambda$581/0x00000070013729a0
03:14:14.398 [main] INFO  c.a.n.c.r.client - [printIfInfoEnabled,63] - [19241d32-7681-49e9-a255-f2b30d523689_config-0] Register server push request handler:com.alibaba.nacos.client.config.impl.ClientWorker$ConfigRpcTransportClient$$Lambda$582/0x0000007001372dd0
03:14:14.399 [main] INFO  c.a.n.c.r.client - [printIfInfoEnabled,63] - [19241d32-7681-49e9-a255-f2b30d523689_config-0] Registry connection listener to current client:com.alibaba.nacos.client.config.impl.ClientWorker$ConfigRpcTransportClient$1
03:14:14.399 [main] INFO  c.a.n.c.r.client - [printIfInfoEnabled,63] - [19241d32-7681-49e9-a255-f2b30d523689_config-0] RpcClient init, ServerListFactory = com.alibaba.nacos.client.config.impl.ClientWorker$ConfigRpcTransportClient$2
03:14:14.401 [main] INFO  c.a.n.c.r.client - [printIfInfoEnabled,63] - [19241d32-7681-49e9-a255-f2b30d523689_config-0] Try to connect to server on start up, server: {serverIp = 'localhost', server main port = 8848}
03:14:14.415 [main] INFO  c.a.n.c.r.c.g.GrpcClient - [createNewManagedChannel,182] - grpc client connection server:localhost ip,serverPort:9848,grpcTslConfig:{"sslProvider":"OPENSSL","enableTls":false,"mutualAuthEnable":false,"trustAll":false}
03:14:14.714 [main] INFO  c.a.n.c.r.client - [printIfInfoEnabled,63] - [19241d32-7681-49e9-a255-f2b30d523689_config-0] Success to connect to server [localhost:8848] on start up, connectionId = 1764702854573_192.168.215.1_17563
03:14:14.715 [com.alibaba.nacos.client.remote.worker] INFO  c.a.n.c.r.client - [printIfInfoEnabled,63] - [19241d32-7681-49e9-a255-f2b30d523689_config-0] Notify connected event to listeners.
03:14:14.715 [main] INFO  c.a.n.c.r.client - [printIfInfoEnabled,63] - [19241d32-7681-49e9-a255-f2b30d523689_config-0] Register server push request handler:com.alibaba.nacos.common.remote.client.RpcClient$ConnectResetRequestHandler
03:14:14.715 [com.alibaba.nacos.client.remote.worker] INFO  c.a.n.c.c.i.ClientWorker - [onConnected,639] - [19241d32-7681-49e9-a255-f2b30d523689_config-0] Connected,notify listen context...
03:14:14.716 [main] INFO  c.a.n.c.r.client - [printIfInfoEnabled,63] - [19241d32-7681-49e9-a255-f2b30d523689_config-0] Register server push request handler:com.alibaba.nacos.common.remote.client.RpcClient$$Lambda$599/0x00000070014f8000
03:14:14.733 [main] INFO  c.a.n.c.c.i.Limiter - [<clinit>,62] - limitTime:5.0
03:14:14.755 [main] INFO  c.a.n.c.c.u.JvmUtil - [<clinit>,54] - isMultiInstance:false
03:14:14.758 [main] INFO  o.s.c.b.c.PropertySourceBootstrapConfiguration - [initialize,108] - Located property source: [BootstrapPropertySource {name='bootstrapProperties-system-local.yaml,DEFAULT_GROUP'}, BootstrapPropertySource {name='bootstrapProperties-system.yaml,DEFAULT_GROUP'}, BootstrapPropertySource {name='bootstrapProperties-system,DEFAULT_GROUP'}]
03:14:14.760 [main] INFO  c.f.s.SystemApplication - [logStartupProfileInfo,636] - The following 1 profile is active: "local"
03:14:14.981 [main] INFO  o.s.d.r.c.RepositoryConfigurationDelegate - [multipleStoresDetected,294] - Multiple Spring Data modules found, entering strict repository configuration mode
03:14:14.982 [main] INFO  o.s.d.r.c.RepositoryConfigurationDelegate - [registerRepositoriesIn,138] - Bootstrapping Spring Data Redis repositories in DEFAULT mode.
03:14:14.990 [main] INFO  o.s.d.r.c.RepositoryConfigurationDelegate - [registerRepositoriesIn,208] - Finished Spring Data repository scanning in 3 ms. Found 0 Redis repository interfaces.
03:14:15.052 [main] INFO  o.s.c.c.s.GenericScope - [setSerializationId,282] - BeanFactory id=e21fe3af-a399-37b4-8be2-7d6d6bf53326
03:14:15.177 [main] INFO  o.s.b.w.e.t.TomcatWebServer - [initialize,108] - Tomcat initialized with port(s): 9201 (http)
03:14:15.181 [main] INFO  o.a.c.h.Http11NioProtocol - [log,173] - Initializing ProtocolHandler ["http-nio-9201"]
03:14:15.181 [main] INFO  o.a.c.c.StandardService - [log,173] - Starting service [Tomcat]
03:14:15.181 [main] INFO  o.a.c.c.StandardEngine - [log,173] - Starting Servlet engine: [Apache Tomcat/10.1.4]
03:14:15.218 [main] INFO  o.a.c.c.C.[.[.[/] - [log,173] - Initializing Spring embedded WebApplicationContext
03:14:15.218 [main] INFO  o.s.b.w.s.c.ServletWebServerApplicationContext - [prepareWebApplicationContext,291] - Root WebApplicationContext: initialization completed in 452 ms
03:14:15.621 [main] INFO  o.a.c.h.Http11NioProtocol - [log,173] - Starting ProtocolHandler ["http-nio-9201"]
03:14:15.625 [main] INFO  o.s.b.w.e.t.TomcatWebServer - [start,220] - Tomcat started on port(s): 9201 (http) with context path ''
03:14:15.627 [main] INFO  c.a.n.client.naming - [initNamespaceForNaming,62] - initializer namespace from ans.namespace attribute : null
03:14:15.627 [main] INFO  c.a.n.client.naming - [lambda$initNamespaceForNaming$0,66] - initializer namespace from ALIBABA_ALIWARE_NAMESPACE attribute :null
03:14:15.627 [main] INFO  c.a.n.client.naming - [lambda$initNamespaceForNaming$1,73] - initializer namespace from namespace attribute :null
03:14:15.629 [main] INFO  c.a.n.p.a.s.c.ClientAuthPluginManager - [init,56] - [ClientAuthPluginManager] Load ClientAuthService com.alibaba.nacos.client.auth.impl.NacosClientAuthServiceImpl success.
03:14:15.629 [main] INFO  c.a.n.p.a.s.c.ClientAuthPluginManager - [init,56] - [ClientAuthPluginManager] Load ClientAuthService com.alibaba.nacos.client.auth.ram.RamClientAuthServiceImpl success.
03:14:15.631 [main] INFO  c.a.n.c.r.client - [lambda$createClient$0,108] - [RpcClientFactory] create a new rpc client of 46aa2036-5cb8-4b20-84ea-8bf06d2cf23c
03:14:15.631 [main] INFO  c.a.n.c.r.client - [printIfInfoEnabled,63] - [46aa2036-5cb8-4b20-84ea-8bf06d2cf23c] RpcClient init, ServerListFactory = com.alibaba.nacos.client.naming.core.ServerListManager
03:14:15.631 [main] INFO  c.a.n.c.r.client - [printIfInfoEnabled,63] - [46aa2036-5cb8-4b20-84ea-8bf06d2cf23c] Registry connection listener to current client:com.alibaba.nacos.client.naming.remote.gprc.redo.NamingGrpcRedoService
03:14:15.631 [main] INFO  c.a.n.c.r.client - [printIfInfoEnabled,63] - [46aa2036-5cb8-4b20-84ea-8bf06d2cf23c] Register server push request handler:com.alibaba.nacos.client.naming.remote.gprc.NamingPushRequestHandler
03:14:15.632 [main] INFO  c.a.n.c.r.client - [printIfInfoEnabled,63] - [46aa2036-5cb8-4b20-84ea-8bf06d2cf23c] Try to connect to server on start up, server: {serverIp = 'localhost', server main port = 8848}
03:14:15.632 [main] INFO  c.a.n.c.r.c.g.GrpcClient - [createNewManagedChannel,182] - grpc client connection server:localhost ip,serverPort:9848,grpcTslConfig:{"sslProvider":"OPENSSL","enableTls":false,"mutualAuthEnable":false,"trustAll":false}
03:14:15.740 [main] INFO  c.a.n.c.r.client - [printIfInfoEnabled,63] - [46aa2036-5cb8-4b20-84ea-8bf06d2cf23c] Success to connect to server [localhost:8848] on start up, connectionId = 1764702855622_192.168.215.1_22158
03:14:15.741 [main] INFO  c.a.n.c.r.client - [printIfInfoEnabled,63] - [46aa2036-5cb8-4b20-84ea-8bf06d2cf23c] Register server push request handler:com.alibaba.nacos.common.remote.client.RpcClient$ConnectResetRequestHandler
03:14:15.741 [com.alibaba.nacos.client.remote.worker] INFO  c.a.n.c.r.client - [printIfInfoEnabled,63] - [46aa2036-5cb8-4b20-84ea-8bf06d2cf23c] Notify connected event to listeners.
03:14:15.741 [main] INFO  c.a.n.c.r.client - [printIfInfoEnabled,63] - [46aa2036-5cb8-4b20-84ea-8bf06d2cf23c] Register server push request handler:com.alibaba.nacos.common.remote.client.RpcClient$$Lambda$599/0x00000070014f8000
03:14:15.741 [com.alibaba.nacos.client.remote.worker] INFO  c.a.n.client.naming - [onConnected,78] - Grpc connection connect
03:14:15.742 [main] INFO  c.a.n.client.naming - [registerService,121] - [REGISTER-SERVICE] 32cb8bb4-5304-49f6-aea7-cd444ea20192 registering service system with instance Instance{instanceId='null', ip='192.168.1.117', port=9201, weight=1.0, healthy=true, enabled=true, ephemeral=true, clusterName='DEFAULT', serviceName='null', metadata={IPv6=[240e:335:246:3330:345c:d144:4a1c:bae4], preserved.register.source=SPRING_CLOUD}}
03:14:15.749 [main] INFO  c.a.c.n.r.NacosServiceRegistry - [register,76] - nacos registry, DEFAULT_GROUP system 192.168.1.117:9201 register finished
03:14:15.760 [main] INFO  c.f.s.SystemApplication - [logStarted,57] - Started SystemApplication in 1.679 seconds (process running for 1.921)
03:14:15.762 [main] INFO  c.a.n.c.c.i.CacheData - [<clinit>,67] - nacos.cache.data.init.snapshot = true 
03:14:15.762 [main] INFO  c.a.n.c.c.i.ClientWorker - [addCacheDataIfAbsent,380] - [fixed-32cb8bb4-5304-49f6-aea7-cd444ea20192-localhost_8848] [subscribe] system-local.yaml+DEFAULT_GROUP+32cb8bb4-5304-49f6-aea7-cd444ea20192
03:14:15.766 [main] INFO  c.a.n.c.c.i.CacheData - [addListener,197] - [fixed-32cb8bb4-5304-49f6-aea7-cd444ea20192-localhost_8848] [add-listener] ok, tenant=32cb8bb4-5304-49f6-aea7-cd444ea20192, dataId=system-local.yaml, group=DEFAULT_GROUP, cnt=1
03:14:15.766 [main] INFO  c.a.c.n.r.NacosContextRefresher - [registerNacosListener,129] - [Nacos Config] Listening config: dataId=system-local.yaml, group=DEFAULT_GROUP
03:14:15.766 [main] INFO  c.a.n.c.c.i.ClientWorker - [addCacheDataIfAbsent,380] - [fixed-32cb8bb4-5304-49f6-aea7-cd444ea20192-localhost_8848] [subscribe] system.yaml+DEFAULT_GROUP+32cb8bb4-5304-49f6-aea7-cd444ea20192
03:14:15.766 [main] INFO  c.a.n.c.c.i.CacheData - [addListener,197] - [fixed-32cb8bb4-5304-49f6-aea7-cd444ea20192-localhost_8848] [add-listener] ok, tenant=32cb8bb4-5304-49f6-aea7-cd444ea20192, dataId=system.yaml, group=DEFAULT_GROUP, cnt=1
03:14:15.766 [main] INFO  c.a.c.n.r.NacosContextRefresher - [registerNacosListener,129] - [Nacos Config] Listening config: dataId=system.yaml, group=DEFAULT_GROUP
03:14:15.766 [main] INFO  c.a.n.c.c.i.ClientWorker - [addCacheDataIfAbsent,380] - [fixed-32cb8bb4-5304-49f6-aea7-cd444ea20192-localhost_8848] [subscribe] system+DEFAULT_GROUP+32cb8bb4-5304-49f6-aea7-cd444ea20192
03:14:15.766 [main] INFO  c.a.n.c.c.i.CacheData - [addListener,197] - [fixed-32cb8bb4-5304-49f6-aea7-cd444ea20192-localhost_8848] [add-listener] ok, tenant=32cb8bb4-5304-49f6-aea7-cd444ea20192, dataId=system, group=DEFAULT_GROUP, cnt=1
03:14:15.766 [main] INFO  c.a.c.n.r.NacosContextRefresher - [registerNacosListener,129] - [Nacos Config] Listening config: dataId=system, group=DEFAULT_GROUP
03:14:46.605 [http-nio-9201-exec-1] INFO  o.a.c.c.C.[.[.[/] - [log,173] - Initializing Spring DispatcherServlet 'dispatcherServlet'
03:14:46.606 [http-nio-9201-exec-1] INFO  o.s.w.s.DispatcherServlet - [initServletBean,532] - Initializing Servlet 'dispatcherServlet'
03:14:46.606 [http-nio-9201-exec-1] INFO  o.s.w.s.DispatcherServlet - [initServletBean,554] - Completed initialization in 0 ms
03:14:46.653 [http-nio-9201-exec-1] INFO  c.z.h.HikariDataSource - [getConnection,110] - HikariPool-1 - Starting...
03:14:46.799 [http-nio-9201-exec-1] INFO  c.z.h.p.HikariPool - [checkFailFast,565] - HikariPool-1 - Added connection com.mysql.cj.jdbc.ConnectionImpl@4d5e7d61
03:14:46.800 [http-nio-9201-exec-1] INFO  c.z.h.HikariDataSource - [getConnection,123] - HikariPool-1 - Start completed.
03:24:03.178 [SpringApplicationShutdownHook] INFO  c.a.c.n.r.NacosServiceRegistry - [deregister,95] - De-registering from Nacos Server now...
03:24:03.178 [SpringApplicationShutdownHook] INFO  c.a.n.client.naming - [deregisterService,217] - [DEREGISTER-SERVICE] 32cb8bb4-5304-49f6-aea7-cd444ea20192 deregistering service system with instance: Instance{instanceId='null', ip='192.168.1.117', port=9201, weight=1.0, healthy=true, enabled=true, ephemeral=true, clusterName='DEFAULT', serviceName='null', metadata={}}
03:24:03.216 [SpringApplicationShutdownHook] INFO  c.a.c.n.r.NacosServiceRegistry - [deregister,115] - De-registration finished.
03:24:03.217 [SpringApplicationShutdownHook] INFO  c.a.n.client.naming - [shutdown,256] - com.alibaba.nacos.client.naming.cache.ServiceInfoHolder do shutdown begin
03:24:03.217 [SpringApplicationShutdownHook] INFO  c.a.n.client.naming - [shutdown,136] - com.alibaba.nacos.client.naming.backups.FailoverReactor do shutdown begin
03:24:03.217 [SpringApplicationShutdownHook] INFO  c.a.n.client.naming - [shutdown,138] - com.alibaba.nacos.client.naming.backups.FailoverReactor do shutdown stop
03:24:03.217 [SpringApplicationShutdownHook] INFO  c.a.n.client.naming - [shutdown,258] - com.alibaba.nacos.client.naming.cache.ServiceInfoHolder do shutdown stop
03:24:03.217 [SpringApplicationShutdownHook] INFO  c.a.n.client.naming - [shutdown,204] - com.alibaba.nacos.client.naming.remote.NamingClientProxyDelegate do shutdown begin
03:24:03.217 [SpringApplicationShutdownHook] INFO  c.a.n.client.naming - [shutdown,143] - com.alibaba.nacos.client.naming.core.ServiceInfoUpdateService do shutdown begin
03:24:03.217 [SpringApplicationShutdownHook] INFO  c.a.n.client.naming - [shutdown,145] - com.alibaba.nacos.client.naming.core.ServiceInfoUpdateService do shutdown stop
03:24:03.217 [SpringApplicationShutdownHook] INFO  c.a.n.client.naming - [shutdown,194] - com.alibaba.nacos.client.naming.core.ServerListManager do shutdown begin
03:24:03.217 [SpringApplicationShutdownHook] INFO  c.a.n.client.naming - [shutdown,199] - com.alibaba.nacos.client.naming.core.ServerListManager do shutdown stop
03:24:03.217 [SpringApplicationShutdownHook] INFO  c.a.n.client.naming - [shutdown,484] - com.alibaba.nacos.client.naming.remote.http.NamingHttpClientProxy do shutdown begin
03:24:03.217 [SpringApplicationShutdownHook] INFO  c.a.n.client.naming - [shutdown,486] - com.alibaba.nacos.client.naming.remote.http.NamingHttpClientProxy do shutdown stop
03:24:03.217 [SpringApplicationShutdownHook] INFO  c.a.n.c.r.client - [shutdown,429] - Shutdown rpc client, set status to shutdown
03:24:03.217 [SpringApplicationShutdownHook] INFO  c.a.n.c.r.client - [shutdown,431] - Shutdown client event executor java.util.concurrent.ScheduledThreadPoolExecutor@2c9bc153[Running, pool size = 2, active threads = 2, queued tasks = 0, completed tasks = 0]
03:24:03.217 [SpringApplicationShutdownHook] INFO  c.a.n.c.r.client - [closeConnection,584] - Close current connection 1764702855622_192.168.215.1_22158
03:24:03.219 [SpringApplicationShutdownHook] INFO  c.a.n.c.r.c.g.GrpcClient - [shutdown,159] - Shutdown grpc executor java.util.concurrent.ThreadPoolExecutor@15242c16[Running, pool size = 6, active threads = 0, queued tasks = 0, completed tasks = 249]
03:24:03.219 [SpringApplicationShutdownHook] INFO  c.a.n.client.naming - [shutdown,318] - Shutdown grpc redo service executor java.util.concurrent.ScheduledThreadPoolExecutor@146e848[Running, pool size = 1, active threads = 0, queued tasks = 1, completed tasks = 195]
03:24:03.219 [SpringApplicationShutdownHook] INFO  c.a.n.c.a.r.i.CredentialWatcher - [stop,106] - [null] CredentialWatcher is stopped
03:24:03.219 [SpringApplicationShutdownHook] INFO  c.a.n.c.a.r.i.CredentialService - [free,100] - [null] CredentialService is freed
03:24:03.219 [SpringApplicationShutdownHook] INFO  c.a.n.client.naming - [shutdown,211] - com.alibaba.nacos.client.naming.remote.NamingClientProxyDelegate do shutdown stop
03:24:03.330 [SpringApplicationShutdownHook] INFO  c.z.h.HikariDataSource - [close,350] - HikariPool-1 - Shutdown initiated...
03:24:03.342 [SpringApplicationShutdownHook] INFO  c.z.h.HikariDataSource - [close,352] - HikariPool-1 - Shutdown completed.
03:24:04.766 [background-preinit] INFO  o.h.v.i.util.Version - [<clinit>,21] - HV000001: Hibernate Validator 8.0.0.Final
03:24:04.853 [main] INFO  c.a.n.c.u.ParamUtil - [<clinit>,87] - [settings] [req-serv] nacos-server port:8848
03:24:04.854 [main] INFO  c.a.n.c.u.ParamUtil - [<clinit>,98] - [settings] [http-client] connect timeout:1000
03:24:04.854 [main] INFO  c.a.n.c.u.ParamUtil - [<clinit>,105] - PER_TASK_CONFIG_SIZE: 3000.0
03:24:04.865 [main] INFO  c.a.n.p.a.s.c.ClientAuthPluginManager - [init,56] - [ClientAuthPluginManager] Load ClientAuthService com.alibaba.nacos.client.auth.impl.NacosClientAuthServiceImpl success.
03:24:04.865 [main] INFO  c.a.n.p.a.s.c.ClientAuthPluginManager - [init,56] - [ClientAuthPluginManager] Load ClientAuthService com.alibaba.nacos.client.auth.ram.RamClientAuthServiceImpl success.
03:24:04.883 [main] INFO  c.a.n.c.a.r.i.CredentialWatcher - [loadCredential,165] - null No credential found
03:24:04.915 [main] INFO  c.a.n.c.c.i.LocalConfigInfoProcessor - [<clinit>,63] - LOCAL_SNAPSHOT_PATH:/Users/fly/nacos/config
03:24:04.916 [main] INFO  c.a.n.c.r.client - [lambda$createClient$0,108] - [RpcClientFactory] create a new rpc client of cd77c471-fa39-4c93-a2ab-abc3a30cc364_config-0
03:24:04.921 [main] INFO  c.a.n.c.r.client - [printIfInfoEnabled,63] - [cd77c471-fa39-4c93-a2ab-abc3a30cc364_config-0] Register server push request handler:com.alibaba.nacos.client.config.impl.ClientWorker$ConfigRpcTransportClient$$Lambda$568/0x0000007001369388
03:24:04.922 [main] INFO  c.a.n.c.r.client - [printIfInfoEnabled,63] - [cd77c471-fa39-4c93-a2ab-abc3a30cc364_config-0] Register server push request handler:com.alibaba.nacos.client.config.impl.ClientWorker$ConfigRpcTransportClient$$Lambda$569/0x00000070013697b8
03:24:04.922 [main] INFO  c.a.n.c.r.client - [printIfInfoEnabled,63] - [cd77c471-fa39-4c93-a2ab-abc3a30cc364_config-0] Registry connection listener to current client:com.alibaba.nacos.client.config.impl.ClientWorker$ConfigRpcTransportClient$1
03:24:04.922 [main] INFO  c.a.n.c.r.client - [printIfInfoEnabled,63] - [cd77c471-fa39-4c93-a2ab-abc3a30cc364_config-0] RpcClient init, ServerListFactory = com.alibaba.nacos.client.config.impl.ClientWorker$ConfigRpcTransportClient$2
03:24:04.924 [main] INFO  c.a.n.c.r.client - [printIfInfoEnabled,63] - [cd77c471-fa39-4c93-a2ab-abc3a30cc364_config-0] Try to connect to server on start up, server: {serverIp = 'localhost', server main port = 8848}
03:24:04.934 [main] INFO  c.a.n.c.r.c.g.GrpcClient - [createNewManagedChannel,182] - grpc client connection server:localhost ip,serverPort:9848,grpcTslConfig:{"sslProvider":"OPENSSL","enableTls":false,"mutualAuthEnable":false,"trustAll":false}
03:24:05.229 [main] INFO  c.a.n.c.r.client - [printIfInfoEnabled,63] - [cd77c471-fa39-4c93-a2ab-abc3a30cc364_config-0] Success to connect to server [localhost:8848] on start up, connectionId = 1764703445105_192.168.215.1_47379
03:24:05.230 [com.alibaba.nacos.client.remote.worker] INFO  c.a.n.c.r.client - [printIfInfoEnabled,63] - [cd77c471-fa39-4c93-a2ab-abc3a30cc364_config-0] Notify connected event to listeners.
03:24:05.230 [main] INFO  c.a.n.c.r.client - [printIfInfoEnabled,63] - [cd77c471-fa39-4c93-a2ab-abc3a30cc364_config-0] Register server push request handler:com.alibaba.nacos.common.remote.client.RpcClient$ConnectResetRequestHandler
03:24:05.230 [com.alibaba.nacos.client.remote.worker] INFO  c.a.n.c.c.i.ClientWorker - [onConnected,639] - [cd77c471-fa39-4c93-a2ab-abc3a30cc364_config-0] Connected,notify listen context...
03:24:05.230 [main] INFO  c.a.n.c.r.client - [printIfInfoEnabled,63] - [cd77c471-fa39-4c93-a2ab-abc3a30cc364_config-0] Register server push request handler:com.alibaba.nacos.common.remote.client.RpcClient$$Lambda$586/0x00000070014adfe8
03:24:05.250 [main] INFO  c.a.n.c.c.i.Limiter - [<clinit>,62] - limitTime:5.0
03:24:05.299 [main] INFO  c.a.n.c.c.u.JvmUtil - [<clinit>,54] - isMultiInstance:false
03:24:05.302 [main] INFO  o.s.c.b.c.PropertySourceBootstrapConfiguration - [initialize,108] - Located property source: [BootstrapPropertySource {name='bootstrapProperties-system-local.yaml,DEFAULT_GROUP'}, BootstrapPropertySource {name='bootstrapProperties-system.yaml,DEFAULT_GROUP'}, BootstrapPropertySource {name='bootstrapProperties-system,DEFAULT_GROUP'}]
03:24:05.305 [main] INFO  c.f.s.SystemApplication - [logStartupProfileInfo,636] - The following 1 profile is active: "local"
03:24:05.511 [main] INFO  o.s.d.r.c.RepositoryConfigurationDelegate - [multipleStoresDetected,294] - Multiple Spring Data modules found, entering strict repository configuration mode
03:24:05.512 [main] INFO  o.s.d.r.c.RepositoryConfigurationDelegate - [registerRepositoriesIn,138] - Bootstrapping Spring Data Redis repositories in DEFAULT mode.
03:24:05.520 [main] INFO  o.s.d.r.c.RepositoryConfigurationDelegate - [registerRepositoriesIn,208] - Finished Spring Data repository scanning in 4 ms. Found 0 Redis repository interfaces.
03:24:05.576 [main] INFO  o.s.c.c.s.GenericScope - [setSerializationId,282] - BeanFactory id=e21fe3af-a399-37b4-8be2-7d6d6bf53326
03:24:05.692 [main] INFO  o.s.b.w.e.t.TomcatWebServer - [initialize,108] - Tomcat initialized with port(s): 9201 (http)
03:24:05.697 [main] INFO  o.a.c.h.Http11NioProtocol - [log,173] - Initializing ProtocolHandler ["http-nio-9201"]
03:24:05.697 [main] INFO  o.a.c.c.StandardService - [log,173] - Starting service [Tomcat]
03:24:05.697 [main] INFO  o.a.c.c.StandardEngine - [log,173] - Starting Servlet engine: [Apache Tomcat/10.1.4]
03:24:05.725 [main] INFO  o.a.c.c.C.[.[.[/] - [log,173] - Initializing Spring embedded WebApplicationContext
03:24:05.725 [main] INFO  o.s.b.w.s.c.ServletWebServerApplicationContext - [prepareWebApplicationContext,291] - Root WebApplicationContext: initialization completed in 413 ms
03:24:06.090 [main] INFO  o.a.c.h.Http11NioProtocol - [log,173] - Starting ProtocolHandler ["http-nio-9201"]
03:24:06.096 [main] INFO  o.s.b.w.e.t.TomcatWebServer - [start,220] - Tomcat started on port(s): 9201 (http) with context path ''
03:24:06.098 [main] INFO  c.a.n.client.naming - [initNamespaceForNaming,62] - initializer namespace from ans.namespace attribute : null
03:24:06.099 [main] INFO  c.a.n.client.naming - [lambda$initNamespaceForNaming$0,66] - initializer namespace from ALIBABA_ALIWARE_NAMESPACE attribute :null
03:24:06.099 [main] INFO  c.a.n.client.naming - [lambda$initNamespaceForNaming$1,73] - initializer namespace from namespace attribute :null
03:24:06.103 [main] INFO  c.a.n.p.a.s.c.ClientAuthPluginManager - [init,56] - [ClientAuthPluginManager] Load ClientAuthService com.alibaba.nacos.client.auth.impl.NacosClientAuthServiceImpl success.
03:24:06.103 [main] INFO  c.a.n.p.a.s.c.ClientAuthPluginManager - [init,56] - [ClientAuthPluginManager] Load ClientAuthService com.alibaba.nacos.client.auth.ram.RamClientAuthServiceImpl success.
03:24:06.105 [main] INFO  c.a.n.c.r.client - [lambda$createClient$0,108] - [RpcClientFactory] create a new rpc client of 8dd53992-ef66-40a5-b8b2-cf67f984e541
03:24:06.105 [main] INFO  c.a.n.c.r.client - [printIfInfoEnabled,63] - [8dd53992-ef66-40a5-b8b2-cf67f984e541] RpcClient init, ServerListFactory = com.alibaba.nacos.client.naming.core.ServerListManager
03:24:06.105 [main] INFO  c.a.n.c.r.client - [printIfInfoEnabled,63] - [8dd53992-ef66-40a5-b8b2-cf67f984e541] Registry connection listener to current client:com.alibaba.nacos.client.naming.remote.gprc.redo.NamingGrpcRedoService
03:24:06.105 [main] INFO  c.a.n.c.r.client - [printIfInfoEnabled,63] - [8dd53992-ef66-40a5-b8b2-cf67f984e541] Register server push request handler:com.alibaba.nacos.client.naming.remote.gprc.NamingPushRequestHandler
03:24:06.106 [main] INFO  c.a.n.c.r.client - [printIfInfoEnabled,63] - [8dd53992-ef66-40a5-b8b2-cf67f984e541] Try to connect to server on start up, server: {serverIp = 'localhost', server main port = 8848}
03:24:06.106 [main] INFO  c.a.n.c.r.c.g.GrpcClient - [createNewManagedChannel,182] - grpc client connection server:localhost ip,serverPort:9848,grpcTslConfig:{"sslProvider":"OPENSSL","enableTls":false,"mutualAuthEnable":false,"trustAll":false}
03:24:06.224 [main] INFO  c.a.n.c.r.client - [printIfInfoEnabled,63] - [8dd53992-ef66-40a5-b8b2-cf67f984e541] Success to connect to server [localhost:8848] on start up, connectionId = 1764703446127_192.168.215.1_56098
03:24:06.225 [main] INFO  c.a.n.c.r.client - [printIfInfoEnabled,63] - [8dd53992-ef66-40a5-b8b2-cf67f984e541] Register server push request handler:com.alibaba.nacos.common.remote.client.RpcClient$ConnectResetRequestHandler
03:24:06.225 [com.alibaba.nacos.client.remote.worker] INFO  c.a.n.c.r.client - [printIfInfoEnabled,63] - [8dd53992-ef66-40a5-b8b2-cf67f984e541] Notify connected event to listeners.
03:24:06.225 [main] INFO  c.a.n.c.r.client - [printIfInfoEnabled,63] - [8dd53992-ef66-40a5-b8b2-cf67f984e541] Register server push request handler:com.alibaba.nacos.common.remote.client.RpcClient$$Lambda$586/0x00000070014adfe8
03:24:06.225 [com.alibaba.nacos.client.remote.worker] INFO  c.a.n.client.naming - [onConnected,78] - Grpc connection connect
03:24:06.225 [main] INFO  c.a.n.client.naming - [registerService,121] - [REGISTER-SERVICE] 32cb8bb4-5304-49f6-aea7-cd444ea20192 registering service system with instance Instance{instanceId='null', ip='192.168.1.117', port=9201, weight=1.0, healthy=true, enabled=true, ephemeral=true, clusterName='DEFAULT', serviceName='null', metadata={IPv6=[240e:335:246:3330:345c:d144:4a1c:bae4], preserved.register.source=SPRING_CLOUD}}
03:24:06.236 [main] INFO  c.a.c.n.r.NacosServiceRegistry - [register,76] - nacos registry, DEFAULT_GROUP system 192.168.1.117:9201 register finished
03:24:06.247 [main] INFO  c.f.s.SystemApplication - [logStarted,57] - Started SystemApplication in 1.634 seconds (process running for 1.865)
03:24:06.249 [main] INFO  c.a.n.c.c.i.CacheData - [<clinit>,67] - nacos.cache.data.init.snapshot = true 
03:24:06.250 [main] INFO  c.a.n.c.c.i.ClientWorker - [addCacheDataIfAbsent,380] - [fixed-32cb8bb4-5304-49f6-aea7-cd444ea20192-localhost_8848] [subscribe] system-local.yaml+DEFAULT_GROUP+32cb8bb4-5304-49f6-aea7-cd444ea20192
03:24:06.253 [main] INFO  c.a.n.c.c.i.CacheData - [addListener,197] - [fixed-32cb8bb4-5304-49f6-aea7-cd444ea20192-localhost_8848] [add-listener] ok, tenant=32cb8bb4-5304-49f6-aea7-cd444ea20192, dataId=system-local.yaml, group=DEFAULT_GROUP, cnt=1
03:24:06.254 [main] INFO  c.a.c.n.r.NacosContextRefresher - [registerNacosListener,129] - [Nacos Config] Listening config: dataId=system-local.yaml, group=DEFAULT_GROUP
03:24:06.254 [main] INFO  c.a.n.c.c.i.ClientWorker - [addCacheDataIfAbsent,380] - [fixed-32cb8bb4-5304-49f6-aea7-cd444ea20192-localhost_8848] [subscribe] system.yaml+DEFAULT_GROUP+32cb8bb4-5304-49f6-aea7-cd444ea20192
03:24:06.254 [main] INFO  c.a.n.c.c.i.CacheData - [addListener,197] - [fixed-32cb8bb4-5304-49f6-aea7-cd444ea20192-localhost_8848] [add-listener] ok, tenant=32cb8bb4-5304-49f6-aea7-cd444ea20192, dataId=system.yaml, group=DEFAULT_GROUP, cnt=1
03:24:06.254 [main] INFO  c.a.c.n.r.NacosContextRefresher - [registerNacosListener,129] - [Nacos Config] Listening config: dataId=system.yaml, group=DEFAULT_GROUP
03:24:06.254 [main] INFO  c.a.n.c.c.i.ClientWorker - [addCacheDataIfAbsent,380] - [fixed-32cb8bb4-5304-49f6-aea7-cd444ea20192-localhost_8848] [subscribe] system+DEFAULT_GROUP+32cb8bb4-5304-49f6-aea7-cd444ea20192
03:24:06.254 [main] INFO  c.a.n.c.c.i.CacheData - [addListener,197] - [fixed-32cb8bb4-5304-49f6-aea7-cd444ea20192-localhost_8848] [add-listener] ok, tenant=32cb8bb4-5304-49f6-aea7-cd444ea20192, dataId=system, group=DEFAULT_GROUP, cnt=1
03:24:06.254 [main] INFO  c.a.c.n.r.NacosContextRefresher - [registerNacosListener,129] - [Nacos Config] Listening config: dataId=system, group=DEFAULT_GROUP
03:24:13.424 [http-nio-9201-exec-1] INFO  o.a.c.c.C.[.[.[/] - [log,173] - Initializing Spring DispatcherServlet 'dispatcherServlet'
03:24:13.424 [http-nio-9201-exec-1] INFO  o.s.w.s.DispatcherServlet - [initServletBean,532] - Initializing Servlet 'dispatcherServlet'
03:24:13.425 [http-nio-9201-exec-1] INFO  o.s.w.s.DispatcherServlet - [initServletBean,554] - Completed initialization in 1 ms
03:24:13.479 [http-nio-9201-exec-1] INFO  c.z.h.HikariDataSource - [getConnection,110] - HikariPool-1 - Starting...
03:24:13.579 [http-nio-9201-exec-1] INFO  c.z.h.p.HikariPool - [checkFailFast,565] - HikariPool-1 - Added connection com.mysql.cj.jdbc.ConnectionImpl@3430020f
03:24:13.580 [http-nio-9201-exec-1] INFO  c.z.h.HikariDataSource - [getConnection,123] - HikariPool-1 - Start completed.
03:28:02.396 [SpringApplicationShutdownHook] INFO  c.a.c.n.r.NacosServiceRegistry - [deregister,95] - De-registering from Nacos Server now...
03:28:02.396 [SpringApplicationShutdownHook] INFO  c.a.n.client.naming - [deregisterService,217] - [DEREGISTER-SERVICE] 32cb8bb4-5304-49f6-aea7-cd444ea20192 deregistering service system with instance: Instance{instanceId='null', ip='192.168.1.117', port=9201, weight=1.0, healthy=true, enabled=true, ephemeral=true, clusterName='DEFAULT', serviceName='null', metadata={}}
03:28:02.435 [SpringApplicationShutdownHook] INFO  c.a.c.n.r.NacosServiceRegistry - [deregister,115] - De-registration finished.
03:28:02.436 [SpringApplicationShutdownHook] INFO  c.a.n.client.naming - [shutdown,256] - com.alibaba.nacos.client.naming.cache.ServiceInfoHolder do shutdown begin
03:28:02.436 [SpringApplicationShutdownHook] INFO  c.a.n.client.naming - [shutdown,136] - com.alibaba.nacos.client.naming.backups.FailoverReactor do shutdown begin
03:28:02.436 [SpringApplicationShutdownHook] INFO  c.a.n.client.naming - [shutdown,138] - com.alibaba.nacos.client.naming.backups.FailoverReactor do shutdown stop
03:28:02.436 [SpringApplicationShutdownHook] INFO  c.a.n.client.naming - [shutdown,258] - com.alibaba.nacos.client.naming.cache.ServiceInfoHolder do shutdown stop
03:28:02.436 [SpringApplicationShutdownHook] INFO  c.a.n.client.naming - [shutdown,204] - com.alibaba.nacos.client.naming.remote.NamingClientProxyDelegate do shutdown begin
03:28:02.436 [SpringApplicationShutdownHook] INFO  c.a.n.client.naming - [shutdown,143] - com.alibaba.nacos.client.naming.core.ServiceInfoUpdateService do shutdown begin
03:28:02.436 [SpringApplicationShutdownHook] INFO  c.a.n.client.naming - [shutdown,145] - com.alibaba.nacos.client.naming.core.ServiceInfoUpdateService do shutdown stop
03:28:02.437 [SpringApplicationShutdownHook] INFO  c.a.n.client.naming - [shutdown,194] - com.alibaba.nacos.client.naming.core.ServerListManager do shutdown begin
03:28:02.437 [SpringApplicationShutdownHook] INFO  c.a.n.client.naming - [shutdown,199] - com.alibaba.nacos.client.naming.core.ServerListManager do shutdown stop
03:28:02.437 [SpringApplicationShutdownHook] INFO  c.a.n.client.naming - [shutdown,484] - com.alibaba.nacos.client.naming.remote.http.NamingHttpClientProxy do shutdown begin
03:28:02.437 [SpringApplicationShutdownHook] INFO  c.a.n.client.naming - [shutdown,486] - com.alibaba.nacos.client.naming.remote.http.NamingHttpClientProxy do shutdown stop
03:28:02.437 [SpringApplicationShutdownHook] INFO  c.a.n.c.r.client - [shutdown,429] - Shutdown rpc client, set status to shutdown
03:28:02.437 [SpringApplicationShutdownHook] INFO  c.a.n.c.r.client - [shutdown,431] - Shutdown client event executor java.util.concurrent.ScheduledThreadPoolExecutor@2d882938[Running, pool size = 2, active threads = 2, queued tasks = 0, completed tasks = 0]
03:28:02.437 [SpringApplicationShutdownHook] INFO  c.a.n.c.r.client - [closeConnection,584] - Close current connection 1764703446127_192.168.215.1_56098
03:28:02.440 [SpringApplicationShutdownHook] INFO  c.a.n.c.r.c.g.GrpcClient - [shutdown,159] - Shutdown grpc executor java.util.concurrent.ThreadPoolExecutor@4a221b70[Running, pool size = 7, active threads = 0, queued tasks = 0, completed tasks = 109]
03:28:02.440 [SpringApplicationShutdownHook] INFO  c.a.n.client.naming - [shutdown,318] - Shutdown grpc redo service executor java.util.concurrent.ScheduledThreadPoolExecutor@3f51825c[Running, pool size = 1, active threads = 0, queued tasks = 1, completed tasks = 78]
03:28:02.440 [SpringApplicationShutdownHook] INFO  c.a.n.c.a.r.i.CredentialWatcher - [stop,106] - [null] CredentialWatcher is stopped
03:28:02.440 [SpringApplicationShutdownHook] INFO  c.a.n.c.a.r.i.CredentialService - [free,100] - [null] CredentialService is freed
03:28:02.441 [SpringApplicationShutdownHook] INFO  c.a.n.client.naming - [shutdown,211] - com.alibaba.nacos.client.naming.remote.NamingClientProxyDelegate do shutdown stop
03:28:02.450 [SpringApplicationShutdownHook] INFO  c.z.h.HikariDataSource - [close,350] - HikariPool-1 - Shutdown initiated...
03:28:02.460 [SpringApplicationShutdownHook] INFO  c.z.h.HikariDataSource - [close,352] - HikariPool-1 - Shutdown completed.
