18:11:04.105 [main] INFO  c.f.s.SystemApplication - [logStartupProfileInfo,630] - No active profile set, falling back to 1 default profile: "default"
18:11:04.292 [main] INFO  o.s.c.c.s.GenericScope - [setSerializationId,282] - BeanFactory id=d02553df-6811-389c-9801-b4085d6b9634
18:11:04.374 [main] INFO  o.s.b.w.e.t.TomcatWebServer - [initialize,108] - Tomcat initialized with port(s): 9201 (http)
18:11:04.377 [main] INFO  o.a.c.h.Http11NioProtocol - [log,173] - Initializing ProtocolHandler ["http-nio-9201"]
18:11:04.377 [main] INFO  o.a.c.c.StandardService - [log,173] - Starting service [Tomcat]
18:11:04.377 [main] INFO  o.a.c.c.StandardEngine - [log,173] - Starting Servlet engine: [Apache Tomcat/10.1.4]
18:11:04.402 [main] INFO  o.a.c.c.C.[.[.[/] - [log,173] - Initializing Spring embedded WebApplicationContext
18:11:04.402 [main] INFO  o.s.b.w.s.c.ServletWebServerApplicationContext - [prepareWebApplicationContext,291] - Root WebApplicationContext: initialization completed in 291 ms
18:11:04.640 [main] INFO  o.a.c.h.Http11NioProtocol - [log,173] - Starting ProtocolHandler ["http-nio-9201"]
18:11:04.646 [main] INFO  o.s.b.w.e.t.TomcatWebServer - [start,220] - Tomcat started on port(s): 9201 (http) with context path ''
18:11:04.652 [main] INFO  c.f.s.SystemApplication - [logStarted,57] - Started SystemApplication in 0.781 seconds (process running for 0.996)
18:11:09.282 [http-nio-9201-exec-1] INFO  o.a.c.c.C.[.[.[/] - [log,173] - Initializing Spring DispatcherServlet 'dispatcherServlet'
18:11:09.283 [http-nio-9201-exec-1] INFO  o.s.w.s.DispatcherServlet - [initServletBean,532] - Initializing Servlet 'dispatcherServlet'
18:11:09.284 [http-nio-9201-exec-1] INFO  o.s.w.s.DispatcherServlet - [initServletBean,554] - Completed initialization in 1 ms
18:11:09.295 [http-nio-9201-exec-1] INFO  c.f.s.t.c.TestController - [log,27] - 我是info级别的日志
18:11:09.295 [http-nio-9201-exec-1] INFO  c.f.s.t.c.TestController - [log,27] - 我是info级别的日志
18:11:09.295 [http-nio-9201-exec-1] INFO  c.f.s.t.c.TestController - [log,27] - 我是info级别的日志
18:11:09.295 [http-nio-9201-exec-1] INFO  c.f.s.t.c.TestController - [log,27] - 我是info级别的日志
18:11:09.295 [http-nio-9201-exec-1] INFO  c.f.s.t.c.TestController - [log,27] - 我是info级别的日志
18:11:09.295 [http-nio-9201-exec-1] INFO  c.f.s.t.c.TestController - [log,27] - 我是info级别的日志
18:11:09.295 [http-nio-9201-exec-1] INFO  c.f.s.t.c.TestController - [log,27] - 我是info级别的日志
18:11:09.295 [http-nio-9201-exec-1] INFO  c.f.s.t.c.TestController - [log,27] - 我是info级别的日志
18:11:09.296 [http-nio-9201-exec-1] INFO  c.f.s.t.c.TestController - [log,27] - 我是info级别的日志
18:11:09.296 [http-nio-9201-exec-1] INFO  c.f.s.t.c.TestController - [log,27] - 我是info级别的日志
18:12:17.359 [main] INFO  c.f.s.SystemApplication - [logStartupProfileInfo,630] - No active profile set, falling back to 1 default profile: "default"
18:12:17.567 [main] INFO  o.s.c.c.s.GenericScope - [setSerializationId,282] - BeanFactory id=d02553df-6811-389c-9801-b4085d6b9634
18:12:17.646 [main] INFO  o.s.b.w.e.t.TomcatWebServer - [initialize,108] - Tomcat initialized with port(s): 9201 (http)
18:12:17.648 [main] INFO  o.a.c.h.Http11NioProtocol - [log,173] - Initializing ProtocolHandler ["http-nio-9201"]
18:12:17.648 [main] INFO  o.a.c.c.StandardService - [log,173] - Starting service [Tomcat]
18:12:17.649 [main] INFO  o.a.c.c.StandardEngine - [log,173] - Starting Servlet engine: [Apache Tomcat/10.1.4]
18:12:17.673 [main] INFO  o.a.c.c.C.[.[.[/] - [log,173] - Initializing Spring embedded WebApplicationContext
18:12:17.674 [main] INFO  o.s.b.w.s.c.ServletWebServerApplicationContext - [prepareWebApplicationContext,291] - Root WebApplicationContext: initialization completed in 307 ms
18:12:17.921 [main] INFO  o.a.c.h.Http11NioProtocol - [log,173] - Starting ProtocolHandler ["http-nio-9201"]
18:12:17.927 [main] INFO  o.s.b.w.e.t.TomcatWebServer - [start,220] - Tomcat started on port(s): 9201 (http) with context path ''
18:12:17.933 [main] INFO  c.f.s.SystemApplication - [logStarted,57] - Started SystemApplication in 0.828 seconds (process running for 1.05)
18:12:27.874 [http-nio-9201-exec-1] INFO  o.a.c.c.C.[.[.[/] - [log,173] - Initializing Spring DispatcherServlet 'dispatcherServlet'
18:12:27.874 [http-nio-9201-exec-1] INFO  o.s.w.s.DispatcherServlet - [initServletBean,532] - Initializing Servlet 'dispatcherServlet'
18:12:27.875 [http-nio-9201-exec-1] INFO  o.s.w.s.DispatcherServlet - [initServletBean,554] - Completed initialization in 1 ms
20:19:08.761 [main] INFO  c.a.n.c.u.ParamUtil - [<clinit>,87] - [settings] [req-serv] nacos-server port:8848
20:19:08.762 [main] INFO  c.a.n.c.u.ParamUtil - [<clinit>,98] - [settings] [http-client] connect timeout:1000
20:19:08.762 [main] INFO  c.a.n.c.u.ParamUtil - [<clinit>,105] - PER_TASK_CONFIG_SIZE: 3000.0
20:19:08.769 [main] INFO  c.a.n.p.a.s.c.ClientAuthPluginManager - [init,56] - [ClientAuthPluginManager] Load ClientAuthService com.alibaba.nacos.client.auth.impl.NacosClientAuthServiceImpl success.
20:19:08.770 [main] INFO  c.a.n.p.a.s.c.ClientAuthPluginManager - [init,56] - [ClientAuthPluginManager] Load ClientAuthService com.alibaba.nacos.client.auth.ram.RamClientAuthServiceImpl success.
20:19:08.797 [main] INFO  c.a.n.c.a.r.i.CredentialWatcher - [loadCredential,165] - null No credential found
20:19:08.831 [main] INFO  c.a.n.c.c.i.LocalConfigInfoProcessor - [<clinit>,63] - LOCAL_SNAPSHOT_PATH:/Users/fly/nacos/config
20:19:08.832 [main] INFO  c.a.n.c.r.client - [lambda$createClient$0,108] - [RpcClientFactory] create a new rpc client of 16233635-114d-4737-a649-45230358850d_config-0
20:19:08.840 [main] INFO  c.a.n.c.r.client - [printIfInfoEnabled,63] - [16233635-114d-4737-a649-45230358850d_config-0] Register server push request handler:com.alibaba.nacos.client.config.impl.ClientWorker$ConfigRpcTransportClient$$Lambda$562/0x000000f801312ef8
20:19:08.840 [main] INFO  c.a.n.c.r.client - [printIfInfoEnabled,63] - [16233635-114d-4737-a649-45230358850d_config-0] Register server push request handler:com.alibaba.nacos.client.config.impl.ClientWorker$ConfigRpcTransportClient$$Lambda$563/0x000000f801313328
20:19:08.840 [main] INFO  c.a.n.c.r.client - [printIfInfoEnabled,63] - [16233635-114d-4737-a649-45230358850d_config-0] Registry connection listener to current client:com.alibaba.nacos.client.config.impl.ClientWorker$ConfigRpcTransportClient$1
20:19:08.840 [main] INFO  c.a.n.c.r.client - [printIfInfoEnabled,63] - [16233635-114d-4737-a649-45230358850d_config-0] RpcClient init, ServerListFactory = com.alibaba.nacos.client.config.impl.ClientWorker$ConfigRpcTransportClient$2
20:19:08.842 [main] INFO  c.a.n.c.r.client - [printIfInfoEnabled,63] - [16233635-114d-4737-a649-45230358850d_config-0] Try to connect to server on start up, server: {serverIp = 'localhost', server main port = 8848}
20:19:08.855 [main] INFO  c.a.n.c.r.c.g.GrpcClient - [createNewManagedChannel,182] - grpc client connection server:localhost ip,serverPort:9848,grpcTslConfig:{"sslProvider":"OPENSSL","enableTls":false,"mutualAuthEnable":false,"trustAll":false}
20:19:09.177 [main] INFO  c.a.n.c.r.client - [printIfInfoEnabled,63] - [16233635-114d-4737-a649-45230358850d_config-0] Success to connect to server [localhost:8848] on start up, connectionId = 1764591549006_192.168.215.1_61912
20:19:09.178 [com.alibaba.nacos.client.remote.worker] INFO  c.a.n.c.r.client - [printIfInfoEnabled,63] - [16233635-114d-4737-a649-45230358850d_config-0] Notify connected event to listeners.
20:19:09.178 [main] INFO  c.a.n.c.r.client - [printIfInfoEnabled,63] - [16233635-114d-4737-a649-45230358850d_config-0] Register server push request handler:com.alibaba.nacos.common.remote.client.RpcClient$ConnectResetRequestHandler
20:19:09.178 [com.alibaba.nacos.client.remote.worker] INFO  c.a.n.c.c.i.ClientWorker - [onConnected,639] - [16233635-114d-4737-a649-45230358850d_config-0] Connected,notify listen context...
20:19:09.178 [main] INFO  c.a.n.c.r.client - [printIfInfoEnabled,63] - [16233635-114d-4737-a649-45230358850d_config-0] Register server push request handler:com.alibaba.nacos.common.remote.client.RpcClient$$Lambda$580/0x000000f801457350
20:19:09.194 [main] INFO  c.a.n.c.c.i.Limiter - [<clinit>,62] - limitTime:5.0
20:19:09.230 [main] INFO  o.s.c.b.c.PropertySourceBootstrapConfiguration - [initialize,108] - Located property source: [BootstrapPropertySource {name='bootstrapProperties-system-local.yaml,DEFAULT_GROUP'}, BootstrapPropertySource {name='bootstrapProperties-system.yaml,DEFAULT_GROUP'}, BootstrapPropertySource {name='bootstrapProperties-system,DEFAULT_GROUP'}]
20:19:09.233 [main] INFO  c.f.s.SystemApplication - [logStartupProfileInfo,636] - The following 1 profile is active: "local"
20:19:09.459 [main] INFO  o.s.c.c.s.GenericScope - [setSerializationId,282] - BeanFactory id=5d039b0f-ca01-3c61-a418-dce3054f9c02
20:19:09.548 [main] INFO  o.s.b.w.e.t.TomcatWebServer - [initialize,108] - Tomcat initialized with port(s): 8080 (http)
20:19:09.551 [main] INFO  o.a.c.h.Http11NioProtocol - [log,173] - Initializing ProtocolHandler ["http-nio-8080"]
20:19:09.551 [main] INFO  o.a.c.c.StandardService - [log,173] - Starting service [Tomcat]
20:19:09.552 [main] INFO  o.a.c.c.StandardEngine - [log,173] - Starting Servlet engine: [Apache Tomcat/10.1.4]
20:19:09.583 [main] INFO  o.a.c.c.C.[.[.[/] - [log,173] - Initializing Spring embedded WebApplicationContext
20:19:09.583 [main] INFO  o.s.b.w.s.c.ServletWebServerApplicationContext - [prepareWebApplicationContext,291] - Root WebApplicationContext: initialization completed in 343 ms
20:19:09.609 [main] INFO  o.a.c.c.StandardService - [log,173] - Stopping service [Tomcat]
20:19:09.616 [main] INFO  o.s.b.a.l.ConditionEvaluationReportLogger - [logMessage,82] - 

Error starting ApplicationContext. To display the condition evaluation report re-run your application with 'debug' enabled.
20:21:11.946 [main] INFO  c.a.n.c.u.ParamUtil - [<clinit>,87] - [settings] [req-serv] nacos-server port:8848
20:21:11.946 [main] INFO  c.a.n.c.u.ParamUtil - [<clinit>,98] - [settings] [http-client] connect timeout:1000
20:21:11.946 [main] INFO  c.a.n.c.u.ParamUtil - [<clinit>,105] - PER_TASK_CONFIG_SIZE: 3000.0
20:21:11.953 [main] INFO  c.a.n.p.a.s.c.ClientAuthPluginManager - [init,56] - [ClientAuthPluginManager] Load ClientAuthService com.alibaba.nacos.client.auth.impl.NacosClientAuthServiceImpl success.
20:21:11.953 [main] INFO  c.a.n.p.a.s.c.ClientAuthPluginManager - [init,56] - [ClientAuthPluginManager] Load ClientAuthService com.alibaba.nacos.client.auth.ram.RamClientAuthServiceImpl success.
20:21:11.978 [main] INFO  c.a.n.c.a.r.i.CredentialWatcher - [loadCredential,165] - null No credential found
20:21:12.011 [main] INFO  c.a.n.c.c.i.LocalConfigInfoProcessor - [<clinit>,63] - LOCAL_SNAPSHOT_PATH:/Users/fly/nacos/config
20:21:12.012 [main] INFO  c.a.n.c.r.client - [lambda$createClient$0,108] - [RpcClientFactory] create a new rpc client of fd38416c-d355-4aab-b65c-974d2246152c_config-0
20:21:12.020 [main] INFO  c.a.n.c.r.client - [printIfInfoEnabled,63] - [fd38416c-d355-4aab-b65c-974d2246152c_config-0] Register server push request handler:com.alibaba.nacos.client.config.impl.ClientWorker$ConfigRpcTransportClient$$Lambda$562/0x00000070013126e0
20:21:12.020 [main] INFO  c.a.n.c.r.client - [printIfInfoEnabled,63] - [fd38416c-d355-4aab-b65c-974d2246152c_config-0] Register server push request handler:com.alibaba.nacos.client.config.impl.ClientWorker$ConfigRpcTransportClient$$Lambda$563/0x0000007001312b10
20:21:12.020 [main] INFO  c.a.n.c.r.client - [printIfInfoEnabled,63] - [fd38416c-d355-4aab-b65c-974d2246152c_config-0] Registry connection listener to current client:com.alibaba.nacos.client.config.impl.ClientWorker$ConfigRpcTransportClient$1
20:21:12.021 [main] INFO  c.a.n.c.r.client - [printIfInfoEnabled,63] - [fd38416c-d355-4aab-b65c-974d2246152c_config-0] RpcClient init, ServerListFactory = com.alibaba.nacos.client.config.impl.ClientWorker$ConfigRpcTransportClient$2
20:21:12.023 [main] INFO  c.a.n.c.r.client - [printIfInfoEnabled,63] - [fd38416c-d355-4aab-b65c-974d2246152c_config-0] Try to connect to server on start up, server: {serverIp = 'localhost', server main port = 8848}
20:21:12.033 [main] INFO  c.a.n.c.r.c.g.GrpcClient - [createNewManagedChannel,182] - grpc client connection server:localhost ip,serverPort:9848,grpcTslConfig:{"sslProvider":"OPENSSL","enableTls":false,"mutualAuthEnable":false,"trustAll":false}
20:21:12.316 [main] INFO  c.a.n.c.r.client - [printIfInfoEnabled,63] - [fd38416c-d355-4aab-b65c-974d2246152c_config-0] Success to connect to server [localhost:8848] on start up, connectionId = 1764591672179_192.168.215.1_49619
20:21:12.316 [com.alibaba.nacos.client.remote.worker] INFO  c.a.n.c.r.client - [printIfInfoEnabled,63] - [fd38416c-d355-4aab-b65c-974d2246152c_config-0] Notify connected event to listeners.
20:21:12.317 [main] INFO  c.a.n.c.r.client - [printIfInfoEnabled,63] - [fd38416c-d355-4aab-b65c-974d2246152c_config-0] Register server push request handler:com.alibaba.nacos.common.remote.client.RpcClient$ConnectResetRequestHandler
20:21:12.317 [com.alibaba.nacos.client.remote.worker] INFO  c.a.n.c.c.i.ClientWorker - [onConnected,639] - [fd38416c-d355-4aab-b65c-974d2246152c_config-0] Connected,notify listen context...
20:21:12.317 [main] INFO  c.a.n.c.r.client - [printIfInfoEnabled,63] - [fd38416c-d355-4aab-b65c-974d2246152c_config-0] Register server push request handler:com.alibaba.nacos.common.remote.client.RpcClient$$Lambda$580/0x0000007001456888
20:21:12.330 [main] INFO  c.a.n.c.c.i.Limiter - [<clinit>,62] - limitTime:5.0
20:21:12.350 [main] INFO  o.s.c.b.c.PropertySourceBootstrapConfiguration - [initialize,108] - Located property source: [BootstrapPropertySource {name='bootstrapProperties-system-local.yaml,DEFAULT_GROUP'}, BootstrapPropertySource {name='bootstrapProperties-system.yaml,DEFAULT_GROUP'}, BootstrapPropertySource {name='bootstrapProperties-system,DEFAULT_GROUP'}]
20:21:12.352 [main] INFO  c.f.s.SystemApplication - [logStartupProfileInfo,636] - The following 1 profile is active: "local"
20:21:12.562 [main] INFO  o.s.c.c.s.GenericScope - [setSerializationId,282] - BeanFactory id=5d039b0f-ca01-3c61-a418-dce3054f9c02
20:21:12.655 [main] INFO  o.s.b.w.e.t.TomcatWebServer - [initialize,108] - Tomcat initialized with port(s): 8080 (http)
20:21:12.658 [main] INFO  o.a.c.h.Http11NioProtocol - [log,173] - Initializing ProtocolHandler ["http-nio-8080"]
20:21:12.658 [main] INFO  o.a.c.c.StandardService - [log,173] - Starting service [Tomcat]
20:21:12.658 [main] INFO  o.a.c.c.StandardEngine - [log,173] - Starting Servlet engine: [Apache Tomcat/10.1.4]
20:21:12.683 [main] INFO  o.a.c.c.C.[.[.[/] - [log,173] - Initializing Spring embedded WebApplicationContext
20:21:12.683 [main] INFO  o.s.b.w.s.c.ServletWebServerApplicationContext - [prepareWebApplicationContext,291] - Root WebApplicationContext: initialization completed in 325 ms
20:21:12.707 [main] INFO  o.a.c.c.StandardService - [log,173] - Stopping service [Tomcat]
20:21:12.716 [main] INFO  o.s.b.a.l.ConditionEvaluationReportLogger - [logMessage,82] - 

Error starting ApplicationContext. To display the condition evaluation report re-run your application with 'debug' enabled.
20:30:56.527 [main] INFO  c.a.n.c.u.ParamUtil - [<clinit>,87] - [settings] [req-serv] nacos-server port:8848
20:30:56.528 [main] INFO  c.a.n.c.u.ParamUtil - [<clinit>,98] - [settings] [http-client] connect timeout:1000
20:30:56.529 [main] INFO  c.a.n.c.u.ParamUtil - [<clinit>,105] - PER_TASK_CONFIG_SIZE: 3000.0
20:30:56.536 [main] INFO  c.a.n.p.a.s.c.ClientAuthPluginManager - [init,56] - [ClientAuthPluginManager] Load ClientAuthService com.alibaba.nacos.client.auth.impl.NacosClientAuthServiceImpl success.
20:30:56.536 [main] INFO  c.a.n.p.a.s.c.ClientAuthPluginManager - [init,56] - [ClientAuthPluginManager] Load ClientAuthService com.alibaba.nacos.client.auth.ram.RamClientAuthServiceImpl success.
20:30:56.568 [main] INFO  c.a.n.c.a.r.i.CredentialWatcher - [loadCredential,165] - null No credential found
20:30:56.600 [main] INFO  c.a.n.c.c.i.LocalConfigInfoProcessor - [<clinit>,63] - LOCAL_SNAPSHOT_PATH:/Users/fly/nacos/config
20:30:56.601 [main] INFO  c.a.n.c.r.client - [lambda$createClient$0,108] - [RpcClientFactory] create a new rpc client of 7e1ebc25-faf1-40e1-89a8-120bc97d38da_config-0
20:30:56.609 [main] INFO  c.a.n.c.r.client - [printIfInfoEnabled,63] - [7e1ebc25-faf1-40e1-89a8-120bc97d38da_config-0] Register server push request handler:com.alibaba.nacos.client.config.impl.ClientWorker$ConfigRpcTransportClient$$Lambda$562/0x0000009001312ef8
20:30:56.609 [main] INFO  c.a.n.c.r.client - [printIfInfoEnabled,63] - [7e1ebc25-faf1-40e1-89a8-120bc97d38da_config-0] Register server push request handler:com.alibaba.nacos.client.config.impl.ClientWorker$ConfigRpcTransportClient$$Lambda$563/0x0000009001313328
20:30:56.609 [main] INFO  c.a.n.c.r.client - [printIfInfoEnabled,63] - [7e1ebc25-faf1-40e1-89a8-120bc97d38da_config-0] Registry connection listener to current client:com.alibaba.nacos.client.config.impl.ClientWorker$ConfigRpcTransportClient$1
20:30:56.609 [main] INFO  c.a.n.c.r.client - [printIfInfoEnabled,63] - [7e1ebc25-faf1-40e1-89a8-120bc97d38da_config-0] RpcClient init, ServerListFactory = com.alibaba.nacos.client.config.impl.ClientWorker$ConfigRpcTransportClient$2
20:30:56.611 [main] INFO  c.a.n.c.r.client - [printIfInfoEnabled,63] - [7e1ebc25-faf1-40e1-89a8-120bc97d38da_config-0] Try to connect to server on start up, server: {serverIp = 'localhost', server main port = 8848}
20:30:56.622 [main] INFO  c.a.n.c.r.c.g.GrpcClient - [createNewManagedChannel,182] - grpc client connection server:localhost ip,serverPort:9848,grpcTslConfig:{"sslProvider":"OPENSSL","enableTls":false,"mutualAuthEnable":false,"trustAll":false}
20:30:56.905 [main] INFO  c.a.n.c.r.client - [printIfInfoEnabled,63] - [7e1ebc25-faf1-40e1-89a8-120bc97d38da_config-0] Success to connect to server [localhost:8848] on start up, connectionId = 1764592256689_192.168.215.1_18975
20:30:56.905 [com.alibaba.nacos.client.remote.worker] INFO  c.a.n.c.r.client - [printIfInfoEnabled,63] - [7e1ebc25-faf1-40e1-89a8-120bc97d38da_config-0] Notify connected event to listeners.
20:30:56.905 [com.alibaba.nacos.client.remote.worker] INFO  c.a.n.c.c.i.ClientWorker - [onConnected,639] - [7e1ebc25-faf1-40e1-89a8-120bc97d38da_config-0] Connected,notify listen context...
20:30:56.905 [main] INFO  c.a.n.c.r.client - [printIfInfoEnabled,63] - [7e1ebc25-faf1-40e1-89a8-120bc97d38da_config-0] Register server push request handler:com.alibaba.nacos.common.remote.client.RpcClient$ConnectResetRequestHandler
20:30:56.906 [main] INFO  c.a.n.c.r.client - [printIfInfoEnabled,63] - [7e1ebc25-faf1-40e1-89a8-120bc97d38da_config-0] Register server push request handler:com.alibaba.nacos.common.remote.client.RpcClient$$Lambda$580/0x0000009001457350
20:30:56.920 [main] INFO  c.a.n.c.c.i.Limiter - [<clinit>,62] - limitTime:5.0
20:30:56.952 [main] INFO  c.a.n.c.c.u.JvmUtil - [<clinit>,54] - isMultiInstance:false
20:30:56.954 [main] INFO  o.s.c.b.c.PropertySourceBootstrapConfiguration - [initialize,108] - Located property source: [BootstrapPropertySource {name='bootstrapProperties-system-local.yaml,DEFAULT_GROUP'}, BootstrapPropertySource {name='bootstrapProperties-system.yaml,DEFAULT_GROUP'}, BootstrapPropertySource {name='bootstrapProperties-system,DEFAULT_GROUP'}]
20:30:56.956 [main] INFO  c.f.s.SystemApplication - [logStartupProfileInfo,636] - The following 1 profile is active: "local"
20:30:57.189 [main] INFO  o.s.c.c.s.GenericScope - [setSerializationId,282] - BeanFactory id=5d039b0f-ca01-3c61-a418-dce3054f9c02
20:30:57.274 [main] INFO  o.s.b.w.e.t.TomcatWebServer - [initialize,108] - Tomcat initialized with port(s): 9201 (http)
20:30:57.277 [main] INFO  o.a.c.h.Http11NioProtocol - [log,173] - Initializing ProtocolHandler ["http-nio-9201"]
20:30:57.278 [main] INFO  o.a.c.c.StandardService - [log,173] - Starting service [Tomcat]
20:30:57.278 [main] INFO  o.a.c.c.StandardEngine - [log,173] - Starting Servlet engine: [Apache Tomcat/10.1.4]
20:30:57.303 [main] INFO  o.a.c.c.C.[.[.[/] - [log,173] - Initializing Spring embedded WebApplicationContext
20:30:57.304 [main] INFO  o.s.b.w.s.c.ServletWebServerApplicationContext - [prepareWebApplicationContext,291] - Root WebApplicationContext: initialization completed in 341 ms
20:30:57.734 [main] INFO  o.a.c.h.Http11NioProtocol - [log,173] - Starting ProtocolHandler ["http-nio-9201"]
20:30:57.738 [main] INFO  o.s.b.w.e.t.TomcatWebServer - [start,220] - Tomcat started on port(s): 9201 (http) with context path ''
20:30:57.740 [main] INFO  c.a.n.client.naming - [initNamespaceForNaming,62] - initializer namespace from ans.namespace attribute : null
20:30:57.740 [main] INFO  c.a.n.client.naming - [lambda$initNamespaceForNaming$0,66] - initializer namespace from ALIBABA_ALIWARE_NAMESPACE attribute :null
20:30:57.740 [main] INFO  c.a.n.client.naming - [lambda$initNamespaceForNaming$1,73] - initializer namespace from namespace attribute :null
20:30:57.742 [main] INFO  c.a.n.p.a.s.c.ClientAuthPluginManager - [init,56] - [ClientAuthPluginManager] Load ClientAuthService com.alibaba.nacos.client.auth.impl.NacosClientAuthServiceImpl success.
20:30:57.742 [main] INFO  c.a.n.p.a.s.c.ClientAuthPluginManager - [init,56] - [ClientAuthPluginManager] Load ClientAuthService com.alibaba.nacos.client.auth.ram.RamClientAuthServiceImpl success.
20:30:57.743 [main] INFO  c.a.n.c.r.client - [lambda$createClient$0,108] - [RpcClientFactory] create a new rpc client of a77322ae-5060-4fca-8569-afabc47a16fd
20:30:57.744 [main] INFO  c.a.n.c.r.client - [printIfInfoEnabled,63] - [a77322ae-5060-4fca-8569-afabc47a16fd] RpcClient init, ServerListFactory = com.alibaba.nacos.client.naming.core.ServerListManager
20:30:57.744 [main] INFO  c.a.n.c.r.client - [printIfInfoEnabled,63] - [a77322ae-5060-4fca-8569-afabc47a16fd] Registry connection listener to current client:com.alibaba.nacos.client.naming.remote.gprc.redo.NamingGrpcRedoService
20:30:57.744 [main] INFO  c.a.n.c.r.client - [printIfInfoEnabled,63] - [a77322ae-5060-4fca-8569-afabc47a16fd] Register server push request handler:com.alibaba.nacos.client.naming.remote.gprc.NamingPushRequestHandler
20:30:57.744 [main] INFO  c.a.n.c.r.client - [printIfInfoEnabled,63] - [a77322ae-5060-4fca-8569-afabc47a16fd] Try to connect to server on start up, server: {serverIp = 'localhost', server main port = 8848}
20:30:57.744 [main] INFO  c.a.n.c.r.c.g.GrpcClient - [createNewManagedChannel,182] - grpc client connection server:localhost ip,serverPort:9848,grpcTslConfig:{"sslProvider":"OPENSSL","enableTls":false,"mutualAuthEnable":false,"trustAll":false}
20:30:57.856 [main] INFO  c.a.n.c.r.client - [printIfInfoEnabled,63] - [a77322ae-5060-4fca-8569-afabc47a16fd] Success to connect to server [localhost:8848] on start up, connectionId = 1764592257669_192.168.215.1_27519
20:30:57.857 [main] INFO  c.a.n.c.r.client - [printIfInfoEnabled,63] - [a77322ae-5060-4fca-8569-afabc47a16fd] Register server push request handler:com.alibaba.nacos.common.remote.client.RpcClient$ConnectResetRequestHandler
20:30:57.857 [com.alibaba.nacos.client.remote.worker] INFO  c.a.n.c.r.client - [printIfInfoEnabled,63] - [a77322ae-5060-4fca-8569-afabc47a16fd] Notify connected event to listeners.
20:30:57.857 [main] INFO  c.a.n.c.r.client - [printIfInfoEnabled,63] - [a77322ae-5060-4fca-8569-afabc47a16fd] Register server push request handler:com.alibaba.nacos.common.remote.client.RpcClient$$Lambda$580/0x0000009001457350
20:30:57.857 [com.alibaba.nacos.client.remote.worker] INFO  c.a.n.client.naming - [onConnected,78] - Grpc connection connect
20:30:57.858 [main] INFO  c.a.n.client.naming - [registerService,121] - [REGISTER-SERVICE] 32cb8bb4-5304-49f6-aea7-cd444ea20192 registering service system with instance Instance{instanceId='null', ip='192.168.1.117', port=9201, weight=1.0, healthy=true, enabled=true, ephemeral=true, clusterName='DEFAULT', serviceName='null', metadata={IPv6=[240e:335:246:3330:a496:b8e3:7e23:5e96], preserved.register.source=SPRING_CLOUD}}
20:30:57.898 [main] INFO  c.a.c.n.r.NacosServiceRegistry - [register,76] - nacos registry, DEFAULT_GROUP system 192.168.1.117:9201 register finished
20:30:57.909 [main] INFO  c.f.s.SystemApplication - [logStarted,57] - Started SystemApplication in 1.602 seconds (process running for 1.887)
20:30:57.911 [main] INFO  c.a.n.c.c.i.CacheData - [<clinit>,67] - nacos.cache.data.init.snapshot = true 
20:30:57.912 [main] INFO  c.a.n.c.c.i.ClientWorker - [addCacheDataIfAbsent,380] - [fixed-32cb8bb4-5304-49f6-aea7-cd444ea20192-localhost_8848] [subscribe] system-local.yaml+DEFAULT_GROUP+32cb8bb4-5304-49f6-aea7-cd444ea20192
20:30:57.916 [main] INFO  c.a.n.c.c.i.CacheData - [addListener,197] - [fixed-32cb8bb4-5304-49f6-aea7-cd444ea20192-localhost_8848] [add-listener] ok, tenant=32cb8bb4-5304-49f6-aea7-cd444ea20192, dataId=system-local.yaml, group=DEFAULT_GROUP, cnt=1
20:30:57.916 [main] INFO  c.a.c.n.r.NacosContextRefresher - [registerNacosListener,129] - [Nacos Config] Listening config: dataId=system-local.yaml, group=DEFAULT_GROUP
20:30:57.916 [main] INFO  c.a.n.c.c.i.ClientWorker - [addCacheDataIfAbsent,380] - [fixed-32cb8bb4-5304-49f6-aea7-cd444ea20192-localhost_8848] [subscribe] system.yaml+DEFAULT_GROUP+32cb8bb4-5304-49f6-aea7-cd444ea20192
20:30:57.916 [main] INFO  c.a.n.c.c.i.CacheData - [addListener,197] - [fixed-32cb8bb4-5304-49f6-aea7-cd444ea20192-localhost_8848] [add-listener] ok, tenant=32cb8bb4-5304-49f6-aea7-cd444ea20192, dataId=system.yaml, group=DEFAULT_GROUP, cnt=1
20:30:57.916 [main] INFO  c.a.c.n.r.NacosContextRefresher - [registerNacosListener,129] - [Nacos Config] Listening config: dataId=system.yaml, group=DEFAULT_GROUP
20:30:57.916 [main] INFO  c.a.n.c.c.i.ClientWorker - [addCacheDataIfAbsent,380] - [fixed-32cb8bb4-5304-49f6-aea7-cd444ea20192-localhost_8848] [subscribe] system+DEFAULT_GROUP+32cb8bb4-5304-49f6-aea7-cd444ea20192
20:30:57.916 [main] INFO  c.a.n.c.c.i.CacheData - [addListener,197] - [fixed-32cb8bb4-5304-49f6-aea7-cd444ea20192-localhost_8848] [add-listener] ok, tenant=32cb8bb4-5304-49f6-aea7-cd444ea20192, dataId=system, group=DEFAULT_GROUP, cnt=1
20:30:57.916 [main] INFO  c.a.c.n.r.NacosContextRefresher - [registerNacosListener,129] - [Nacos Config] Listening config: dataId=system, group=DEFAULT_GROUP
20:31:15.214 [http-nio-9201-exec-2] INFO  o.a.c.c.C.[.[.[/] - [log,173] - Initializing Spring DispatcherServlet 'dispatcherServlet'
20:31:15.215 [http-nio-9201-exec-2] INFO  o.s.w.s.DispatcherServlet - [initServletBean,532] - Initializing Servlet 'dispatcherServlet'
20:31:15.215 [http-nio-9201-exec-2] INFO  o.s.w.s.DispatcherServlet - [initServletBean,554] - Completed initialization in 0 ms
20:31:26.166 [http-nio-9201-exec-3] INFO  c.z.h.HikariDataSource - [getConnection,110] - HikariPool-1 - Starting...
20:31:26.304 [http-nio-9201-exec-3] INFO  c.z.h.p.HikariPool - [checkFailFast,565] - HikariPool-1 - Added connection com.mysql.cj.jdbc.ConnectionImpl@6b8007d0
20:31:26.304 [http-nio-9201-exec-3] INFO  c.z.h.HikariDataSource - [getConnection,123] - HikariPool-1 - Start completed.
20:31:50.940 [SpringApplicationShutdownHook] INFO  c.a.c.n.r.NacosServiceRegistry - [deregister,95] - De-registering from Nacos Server now...
20:31:50.940 [SpringApplicationShutdownHook] INFO  c.a.n.client.naming - [deregisterService,217] - [DEREGISTER-SERVICE] 32cb8bb4-5304-49f6-aea7-cd444ea20192 deregistering service system with instance: Instance{instanceId='null', ip='192.168.1.117', port=9201, weight=1.0, healthy=true, enabled=true, ephemeral=true, clusterName='DEFAULT', serviceName='null', metadata={}}
20:31:50.953 [SpringApplicationShutdownHook] INFO  c.a.c.n.r.NacosServiceRegistry - [deregister,115] - De-registration finished.
20:31:50.954 [SpringApplicationShutdownHook] INFO  c.a.n.client.naming - [shutdown,256] - com.alibaba.nacos.client.naming.cache.ServiceInfoHolder do shutdown begin
20:31:50.954 [SpringApplicationShutdownHook] INFO  c.a.n.client.naming - [shutdown,136] - com.alibaba.nacos.client.naming.backups.FailoverReactor do shutdown begin
20:31:50.954 [SpringApplicationShutdownHook] INFO  c.a.n.client.naming - [shutdown,138] - com.alibaba.nacos.client.naming.backups.FailoverReactor do shutdown stop
20:31:50.954 [SpringApplicationShutdownHook] INFO  c.a.n.client.naming - [shutdown,258] - com.alibaba.nacos.client.naming.cache.ServiceInfoHolder do shutdown stop
20:31:50.954 [SpringApplicationShutdownHook] INFO  c.a.n.client.naming - [shutdown,204] - com.alibaba.nacos.client.naming.remote.NamingClientProxyDelegate do shutdown begin
20:31:50.954 [SpringApplicationShutdownHook] INFO  c.a.n.client.naming - [shutdown,143] - com.alibaba.nacos.client.naming.core.ServiceInfoUpdateService do shutdown begin
20:31:50.954 [SpringApplicationShutdownHook] INFO  c.a.n.client.naming - [shutdown,145] - com.alibaba.nacos.client.naming.core.ServiceInfoUpdateService do shutdown stop
20:31:50.954 [SpringApplicationShutdownHook] INFO  c.a.n.client.naming - [shutdown,194] - com.alibaba.nacos.client.naming.core.ServerListManager do shutdown begin
20:31:50.954 [SpringApplicationShutdownHook] INFO  c.a.n.client.naming - [shutdown,199] - com.alibaba.nacos.client.naming.core.ServerListManager do shutdown stop
20:31:50.954 [SpringApplicationShutdownHook] INFO  c.a.n.client.naming - [shutdown,484] - com.alibaba.nacos.client.naming.remote.http.NamingHttpClientProxy do shutdown begin
20:31:50.954 [SpringApplicationShutdownHook] INFO  c.a.n.client.naming - [shutdown,486] - com.alibaba.nacos.client.naming.remote.http.NamingHttpClientProxy do shutdown stop
20:31:50.954 [SpringApplicationShutdownHook] INFO  c.a.n.c.r.client - [shutdown,429] - Shutdown rpc client, set status to shutdown
20:31:50.954 [SpringApplicationShutdownHook] INFO  c.a.n.c.r.client - [shutdown,431] - Shutdown client event executor java.util.concurrent.ScheduledThreadPoolExecutor@6e94928e[Running, pool size = 2, active threads = 2, queued tasks = 0, completed tasks = 0]
20:31:50.954 [SpringApplicationShutdownHook] INFO  c.a.n.c.r.client - [closeConnection,584] - Close current connection 1764592257669_192.168.215.1_27519
20:31:50.956 [SpringApplicationShutdownHook] INFO  c.a.n.c.r.c.g.GrpcClient - [shutdown,159] - Shutdown grpc executor java.util.concurrent.ThreadPoolExecutor@657d578e[Running, pool size = 7, active threads = 0, queued tasks = 0, completed tasks = 33]
20:31:50.956 [SpringApplicationShutdownHook] INFO  c.a.n.client.naming - [shutdown,318] - Shutdown grpc redo service executor java.util.concurrent.ScheduledThreadPoolExecutor@16fc47be[Running, pool size = 1, active threads = 0, queued tasks = 1, completed tasks = 17]
20:31:50.956 [SpringApplicationShutdownHook] INFO  c.a.n.c.a.r.i.CredentialWatcher - [stop,106] - [null] CredentialWatcher is stopped
20:31:50.956 [SpringApplicationShutdownHook] INFO  c.a.n.c.a.r.i.CredentialService - [free,100] - [null] CredentialService is freed
20:31:50.956 [SpringApplicationShutdownHook] INFO  c.a.n.client.naming - [shutdown,211] - com.alibaba.nacos.client.naming.remote.NamingClientProxyDelegate do shutdown stop
20:31:50.956 [SpringApplicationShutdownHook] INFO  c.z.h.HikariDataSource - [close,350] - HikariPool-1 - Shutdown initiated...
20:31:50.969 [SpringApplicationShutdownHook] INFO  c.z.h.HikariDataSource - [close,352] - HikariPool-1 - Shutdown completed.
20:32:44.572 [main] INFO  c.a.n.c.u.ParamUtil - [<clinit>,87] - [settings] [req-serv] nacos-server port:8848
20:32:44.572 [main] INFO  c.a.n.c.u.ParamUtil - [<clinit>,98] - [settings] [http-client] connect timeout:1000
20:32:44.573 [main] INFO  c.a.n.c.u.ParamUtil - [<clinit>,105] - PER_TASK_CONFIG_SIZE: 3000.0
20:32:44.581 [main] INFO  c.a.n.p.a.s.c.ClientAuthPluginManager - [init,56] - [ClientAuthPluginManager] Load ClientAuthService com.alibaba.nacos.client.auth.impl.NacosClientAuthServiceImpl success.
20:32:44.581 [main] INFO  c.a.n.p.a.s.c.ClientAuthPluginManager - [init,56] - [ClientAuthPluginManager] Load ClientAuthService com.alibaba.nacos.client.auth.ram.RamClientAuthServiceImpl success.
20:32:44.601 [main] INFO  c.a.n.c.a.r.i.CredentialWatcher - [loadCredential,165] - null No credential found
20:32:44.634 [main] INFO  c.a.n.c.c.i.LocalConfigInfoProcessor - [<clinit>,63] - LOCAL_SNAPSHOT_PATH:/Users/fly/nacos/config
20:32:44.635 [main] INFO  c.a.n.c.r.client - [lambda$createClient$0,108] - [RpcClientFactory] create a new rpc client of 32104527-f162-475f-94b2-3cb39ced28eb_config-0
20:32:44.642 [main] INFO  c.a.n.c.r.client - [printIfInfoEnabled,63] - [32104527-f162-475f-94b2-3cb39ced28eb_config-0] Register server push request handler:com.alibaba.nacos.client.config.impl.ClientWorker$ConfigRpcTransportClient$$Lambda$562/0x000000c001312ef8
20:32:44.642 [main] INFO  c.a.n.c.r.client - [printIfInfoEnabled,63] - [32104527-f162-475f-94b2-3cb39ced28eb_config-0] Register server push request handler:com.alibaba.nacos.client.config.impl.ClientWorker$ConfigRpcTransportClient$$Lambda$563/0x000000c001313328
20:32:44.643 [main] INFO  c.a.n.c.r.client - [printIfInfoEnabled,63] - [32104527-f162-475f-94b2-3cb39ced28eb_config-0] Registry connection listener to current client:com.alibaba.nacos.client.config.impl.ClientWorker$ConfigRpcTransportClient$1
20:32:44.643 [main] INFO  c.a.n.c.r.client - [printIfInfoEnabled,63] - [32104527-f162-475f-94b2-3cb39ced28eb_config-0] RpcClient init, ServerListFactory = com.alibaba.nacos.client.config.impl.ClientWorker$ConfigRpcTransportClient$2
20:32:44.645 [main] INFO  c.a.n.c.r.client - [printIfInfoEnabled,63] - [32104527-f162-475f-94b2-3cb39ced28eb_config-0] Try to connect to server on start up, server: {serverIp = 'localhost', server main port = 8848}
20:32:44.661 [main] INFO  c.a.n.c.r.c.g.GrpcClient - [createNewManagedChannel,182] - grpc client connection server:localhost ip,serverPort:9848,grpcTslConfig:{"sslProvider":"OPENSSL","enableTls":false,"mutualAuthEnable":false,"trustAll":false}
20:32:44.946 [main] INFO  c.a.n.c.r.client - [printIfInfoEnabled,63] - [32104527-f162-475f-94b2-3cb39ced28eb_config-0] Success to connect to server [localhost:8848] on start up, connectionId = 1764592364812_192.168.215.1_35247
20:32:44.947 [com.alibaba.nacos.client.remote.worker] INFO  c.a.n.c.r.client - [printIfInfoEnabled,63] - [32104527-f162-475f-94b2-3cb39ced28eb_config-0] Notify connected event to listeners.
20:32:44.947 [main] INFO  c.a.n.c.r.client - [printIfInfoEnabled,63] - [32104527-f162-475f-94b2-3cb39ced28eb_config-0] Register server push request handler:com.alibaba.nacos.common.remote.client.RpcClient$ConnectResetRequestHandler
20:32:44.947 [com.alibaba.nacos.client.remote.worker] INFO  c.a.n.c.c.i.ClientWorker - [onConnected,639] - [32104527-f162-475f-94b2-3cb39ced28eb_config-0] Connected,notify listen context...
20:32:44.947 [main] INFO  c.a.n.c.r.client - [printIfInfoEnabled,63] - [32104527-f162-475f-94b2-3cb39ced28eb_config-0] Register server push request handler:com.alibaba.nacos.common.remote.client.RpcClient$$Lambda$580/0x000000c0014573f8
20:32:44.960 [main] INFO  c.a.n.c.c.i.Limiter - [<clinit>,62] - limitTime:5.0
20:32:44.988 [main] INFO  c.a.n.c.c.u.JvmUtil - [<clinit>,54] - isMultiInstance:false
20:32:44.990 [main] INFO  o.s.c.b.c.PropertySourceBootstrapConfiguration - [initialize,108] - Located property source: [BootstrapPropertySource {name='bootstrapProperties-system-local.yaml,DEFAULT_GROUP'}, BootstrapPropertySource {name='bootstrapProperties-system.yaml,DEFAULT_GROUP'}, BootstrapPropertySource {name='bootstrapProperties-system,DEFAULT_GROUP'}]
20:32:44.992 [main] INFO  c.f.s.SystemApplication - [logStartupProfileInfo,636] - The following 1 profile is active: "local"
20:32:45.204 [main] INFO  o.s.c.c.s.GenericScope - [setSerializationId,282] - BeanFactory id=5d039b0f-ca01-3c61-a418-dce3054f9c02
20:32:45.294 [main] INFO  o.s.b.w.e.t.TomcatWebServer - [initialize,108] - Tomcat initialized with port(s): 9201 (http)
20:32:45.297 [main] INFO  o.a.c.h.Http11NioProtocol - [log,173] - Initializing ProtocolHandler ["http-nio-9201"]
20:32:45.297 [main] INFO  o.a.c.c.StandardService - [log,173] - Starting service [Tomcat]
20:32:45.297 [main] INFO  o.a.c.c.StandardEngine - [log,173] - Starting Servlet engine: [Apache Tomcat/10.1.4]
20:32:45.321 [main] INFO  o.a.c.c.C.[.[.[/] - [log,173] - Initializing Spring embedded WebApplicationContext
20:32:45.322 [main] INFO  o.s.b.w.s.c.ServletWebServerApplicationContext - [prepareWebApplicationContext,291] - Root WebApplicationContext: initialization completed in 324 ms
20:32:45.577 [main] INFO  o.a.c.h.Http11NioProtocol - [log,173] - Starting ProtocolHandler ["http-nio-9201"]
20:32:45.581 [main] INFO  o.s.b.w.e.t.TomcatWebServer - [start,220] - Tomcat started on port(s): 9201 (http) with context path ''
20:32:45.582 [main] INFO  c.a.n.client.naming - [initNamespaceForNaming,62] - initializer namespace from ans.namespace attribute : null
20:32:45.582 [main] INFO  c.a.n.client.naming - [lambda$initNamespaceForNaming$0,66] - initializer namespace from ALIBABA_ALIWARE_NAMESPACE attribute :null
20:32:45.582 [main] INFO  c.a.n.client.naming - [lambda$initNamespaceForNaming$1,73] - initializer namespace from namespace attribute :null
20:32:45.584 [main] INFO  c.a.n.p.a.s.c.ClientAuthPluginManager - [init,56] - [ClientAuthPluginManager] Load ClientAuthService com.alibaba.nacos.client.auth.impl.NacosClientAuthServiceImpl success.
20:32:45.584 [main] INFO  c.a.n.p.a.s.c.ClientAuthPluginManager - [init,56] - [ClientAuthPluginManager] Load ClientAuthService com.alibaba.nacos.client.auth.ram.RamClientAuthServiceImpl success.
20:32:45.585 [main] INFO  c.a.n.c.r.client - [lambda$createClient$0,108] - [RpcClientFactory] create a new rpc client of f2ef44b6-e1a0-4f3b-b9b9-b3d5aa0ac744
20:32:45.585 [main] INFO  c.a.n.c.r.client - [printIfInfoEnabled,63] - [f2ef44b6-e1a0-4f3b-b9b9-b3d5aa0ac744] RpcClient init, ServerListFactory = com.alibaba.nacos.client.naming.core.ServerListManager
20:32:45.586 [main] INFO  c.a.n.c.r.client - [printIfInfoEnabled,63] - [f2ef44b6-e1a0-4f3b-b9b9-b3d5aa0ac744] Registry connection listener to current client:com.alibaba.nacos.client.naming.remote.gprc.redo.NamingGrpcRedoService
20:32:45.586 [main] INFO  c.a.n.c.r.client - [printIfInfoEnabled,63] - [f2ef44b6-e1a0-4f3b-b9b9-b3d5aa0ac744] Register server push request handler:com.alibaba.nacos.client.naming.remote.gprc.NamingPushRequestHandler
20:32:45.586 [main] INFO  c.a.n.c.r.client - [printIfInfoEnabled,63] - [f2ef44b6-e1a0-4f3b-b9b9-b3d5aa0ac744] Try to connect to server on start up, server: {serverIp = 'localhost', server main port = 8848}
20:32:45.586 [main] INFO  c.a.n.c.r.c.g.GrpcClient - [createNewManagedChannel,182] - grpc client connection server:localhost ip,serverPort:9848,grpcTslConfig:{"sslProvider":"OPENSSL","enableTls":false,"mutualAuthEnable":false,"trustAll":false}
20:32:45.700 [main] INFO  c.a.n.c.r.client - [printIfInfoEnabled,63] - [f2ef44b6-e1a0-4f3b-b9b9-b3d5aa0ac744] Success to connect to server [localhost:8848] on start up, connectionId = 1764592365592_192.168.215.1_35389
20:32:45.700 [main] INFO  c.a.n.c.r.client - [printIfInfoEnabled,63] - [f2ef44b6-e1a0-4f3b-b9b9-b3d5aa0ac744] Register server push request handler:com.alibaba.nacos.common.remote.client.RpcClient$ConnectResetRequestHandler
20:32:45.700 [com.alibaba.nacos.client.remote.worker] INFO  c.a.n.c.r.client - [printIfInfoEnabled,63] - [f2ef44b6-e1a0-4f3b-b9b9-b3d5aa0ac744] Notify connected event to listeners.
20:32:45.700 [main] INFO  c.a.n.c.r.client - [printIfInfoEnabled,63] - [f2ef44b6-e1a0-4f3b-b9b9-b3d5aa0ac744] Register server push request handler:com.alibaba.nacos.common.remote.client.RpcClient$$Lambda$580/0x000000c0014573f8
20:32:45.700 [com.alibaba.nacos.client.remote.worker] INFO  c.a.n.client.naming - [onConnected,78] - Grpc connection connect
20:32:45.701 [main] INFO  c.a.n.client.naming - [registerService,121] - [REGISTER-SERVICE] 32cb8bb4-5304-49f6-aea7-cd444ea20192 registering service system with instance Instance{instanceId='null', ip='192.168.1.117', port=9201, weight=1.0, healthy=true, enabled=true, ephemeral=true, clusterName='DEFAULT', serviceName='null', metadata={IPv6=[240e:335:246:3330:a496:b8e3:7e23:5e96], preserved.register.source=SPRING_CLOUD}}
20:32:45.711 [main] INFO  c.a.c.n.r.NacosServiceRegistry - [register,76] - nacos registry, DEFAULT_GROUP system 192.168.1.117:9201 register finished
20:32:45.719 [main] INFO  c.f.s.SystemApplication - [logStarted,57] - Started SystemApplication in 1.354 seconds (process running for 1.645)
20:32:45.720 [main] INFO  c.a.n.c.c.i.CacheData - [<clinit>,67] - nacos.cache.data.init.snapshot = true 
20:32:45.720 [main] INFO  c.a.n.c.c.i.ClientWorker - [addCacheDataIfAbsent,380] - [fixed-32cb8bb4-5304-49f6-aea7-cd444ea20192-localhost_8848] [subscribe] system-local.yaml+DEFAULT_GROUP+32cb8bb4-5304-49f6-aea7-cd444ea20192
20:32:45.723 [main] INFO  c.a.n.c.c.i.CacheData - [addListener,197] - [fixed-32cb8bb4-5304-49f6-aea7-cd444ea20192-localhost_8848] [add-listener] ok, tenant=32cb8bb4-5304-49f6-aea7-cd444ea20192, dataId=system-local.yaml, group=DEFAULT_GROUP, cnt=1
20:32:45.723 [main] INFO  c.a.c.n.r.NacosContextRefresher - [registerNacosListener,129] - [Nacos Config] Listening config: dataId=system-local.yaml, group=DEFAULT_GROUP
20:32:45.723 [main] INFO  c.a.n.c.c.i.ClientWorker - [addCacheDataIfAbsent,380] - [fixed-32cb8bb4-5304-49f6-aea7-cd444ea20192-localhost_8848] [subscribe] system.yaml+DEFAULT_GROUP+32cb8bb4-5304-49f6-aea7-cd444ea20192
20:32:45.723 [main] INFO  c.a.n.c.c.i.CacheData - [addListener,197] - [fixed-32cb8bb4-5304-49f6-aea7-cd444ea20192-localhost_8848] [add-listener] ok, tenant=32cb8bb4-5304-49f6-aea7-cd444ea20192, dataId=system.yaml, group=DEFAULT_GROUP, cnt=1
20:32:45.723 [main] INFO  c.a.c.n.r.NacosContextRefresher - [registerNacosListener,129] - [Nacos Config] Listening config: dataId=system.yaml, group=DEFAULT_GROUP
20:32:45.723 [main] INFO  c.a.n.c.c.i.ClientWorker - [addCacheDataIfAbsent,380] - [fixed-32cb8bb4-5304-49f6-aea7-cd444ea20192-localhost_8848] [subscribe] system+DEFAULT_GROUP+32cb8bb4-5304-49f6-aea7-cd444ea20192
20:32:45.723 [main] INFO  c.a.n.c.c.i.CacheData - [addListener,197] - [fixed-32cb8bb4-5304-49f6-aea7-cd444ea20192-localhost_8848] [add-listener] ok, tenant=32cb8bb4-5304-49f6-aea7-cd444ea20192, dataId=system, group=DEFAULT_GROUP, cnt=1
20:32:45.723 [main] INFO  c.a.c.n.r.NacosContextRefresher - [registerNacosListener,129] - [Nacos Config] Listening config: dataId=system, group=DEFAULT_GROUP
20:33:54.309 [http-nio-9201-exec-1] INFO  o.a.c.c.C.[.[.[/] - [log,173] - Initializing Spring DispatcherServlet 'dispatcherServlet'
20:33:54.310 [http-nio-9201-exec-1] INFO  o.s.w.s.DispatcherServlet - [initServletBean,532] - Initializing Servlet 'dispatcherServlet'
20:33:54.310 [http-nio-9201-exec-1] INFO  o.s.w.s.DispatcherServlet - [initServletBean,554] - Completed initialization in 0 ms
20:33:54.347 [http-nio-9201-exec-1] INFO  c.z.h.HikariDataSource - [getConnection,110] - HikariPool-1 - Starting...
20:33:54.454 [http-nio-9201-exec-1] INFO  c.z.h.p.HikariPool - [checkFailFast,565] - HikariPool-1 - Added connection com.mysql.cj.jdbc.ConnectionImpl@4035c9da
20:33:54.455 [http-nio-9201-exec-1] INFO  c.z.h.HikariDataSource - [getConnection,123] - HikariPool-1 - Start completed.
20:34:20.411 [SpringApplicationShutdownHook] INFO  c.a.c.n.r.NacosServiceRegistry - [deregister,95] - De-registering from Nacos Server now...
20:34:20.412 [SpringApplicationShutdownHook] INFO  c.a.n.client.naming - [deregisterService,217] - [DEREGISTER-SERVICE] 32cb8bb4-5304-49f6-aea7-cd444ea20192 deregistering service system with instance: Instance{instanceId='null', ip='192.168.1.117', port=9201, weight=1.0, healthy=true, enabled=true, ephemeral=true, clusterName='DEFAULT', serviceName='null', metadata={}}
20:34:20.415 [SpringApplicationShutdownHook] INFO  c.a.c.n.r.NacosServiceRegistry - [deregister,115] - De-registration finished.
20:34:20.415 [SpringApplicationShutdownHook] INFO  c.a.n.client.naming - [shutdown,256] - com.alibaba.nacos.client.naming.cache.ServiceInfoHolder do shutdown begin
20:34:20.415 [SpringApplicationShutdownHook] INFO  c.a.n.client.naming - [shutdown,136] - com.alibaba.nacos.client.naming.backups.FailoverReactor do shutdown begin
20:34:20.415 [SpringApplicationShutdownHook] INFO  c.a.n.client.naming - [shutdown,138] - com.alibaba.nacos.client.naming.backups.FailoverReactor do shutdown stop
20:34:20.415 [SpringApplicationShutdownHook] INFO  c.a.n.client.naming - [shutdown,258] - com.alibaba.nacos.client.naming.cache.ServiceInfoHolder do shutdown stop
20:34:20.415 [SpringApplicationShutdownHook] INFO  c.a.n.client.naming - [shutdown,204] - com.alibaba.nacos.client.naming.remote.NamingClientProxyDelegate do shutdown begin
20:34:20.415 [SpringApplicationShutdownHook] INFO  c.a.n.client.naming - [shutdown,143] - com.alibaba.nacos.client.naming.core.ServiceInfoUpdateService do shutdown begin
20:34:20.415 [SpringApplicationShutdownHook] INFO  c.a.n.client.naming - [shutdown,145] - com.alibaba.nacos.client.naming.core.ServiceInfoUpdateService do shutdown stop
20:34:20.415 [SpringApplicationShutdownHook] INFO  c.a.n.client.naming - [shutdown,194] - com.alibaba.nacos.client.naming.core.ServerListManager do shutdown begin
20:34:20.415 [SpringApplicationShutdownHook] INFO  c.a.n.client.naming - [shutdown,199] - com.alibaba.nacos.client.naming.core.ServerListManager do shutdown stop
20:34:20.415 [SpringApplicationShutdownHook] INFO  c.a.n.client.naming - [shutdown,484] - com.alibaba.nacos.client.naming.remote.http.NamingHttpClientProxy do shutdown begin
20:34:20.415 [SpringApplicationShutdownHook] INFO  c.a.n.client.naming - [shutdown,486] - com.alibaba.nacos.client.naming.remote.http.NamingHttpClientProxy do shutdown stop
20:34:20.415 [SpringApplicationShutdownHook] INFO  c.a.n.c.r.client - [shutdown,429] - Shutdown rpc client, set status to shutdown
20:34:20.415 [SpringApplicationShutdownHook] INFO  c.a.n.c.r.client - [shutdown,431] - Shutdown client event executor java.util.concurrent.ScheduledThreadPoolExecutor@31e3f759[Running, pool size = 2, active threads = 2, queued tasks = 0, completed tasks = 0]
20:34:20.415 [SpringApplicationShutdownHook] INFO  c.a.n.c.r.client - [closeConnection,584] - Close current connection 1764592365592_192.168.215.1_35389
20:34:20.416 [nacos-grpc-client-executor-localhost-49] INFO  c.a.n.c.r.c.g.GrpcClient - [printIfInfoEnabled,63] - [1764592365592_192.168.215.1_35389]Ignore complete event,isRunning:false,isAbandon=false
20:34:20.417 [SpringApplicationShutdownHook] INFO  c.a.n.c.r.c.g.GrpcClient - [shutdown,159] - Shutdown grpc executor java.util.concurrent.ThreadPoolExecutor@57dc16d1[Running, pool size = 7, active threads = 0, queued tasks = 0, completed tasks = 50]
20:34:20.417 [SpringApplicationShutdownHook] INFO  c.a.n.client.naming - [shutdown,318] - Shutdown grpc redo service executor java.util.concurrent.ScheduledThreadPoolExecutor@2255e7bd[Running, pool size = 1, active threads = 0, queued tasks = 1, completed tasks = 31]
20:34:20.417 [SpringApplicationShutdownHook] INFO  c.a.n.c.a.r.i.CredentialWatcher - [stop,106] - [null] CredentialWatcher is stopped
20:34:20.417 [SpringApplicationShutdownHook] INFO  c.a.n.c.a.r.i.CredentialService - [free,100] - [null] CredentialService is freed
20:34:20.417 [SpringApplicationShutdownHook] INFO  c.a.n.client.naming - [shutdown,211] - com.alibaba.nacos.client.naming.remote.NamingClientProxyDelegate do shutdown stop
20:34:20.418 [SpringApplicationShutdownHook] INFO  c.z.h.HikariDataSource - [close,350] - HikariPool-1 - Shutdown initiated...
20:34:20.421 [SpringApplicationShutdownHook] INFO  c.z.h.HikariDataSource - [close,352] - HikariPool-1 - Shutdown completed.
21:21:29.491 [main] INFO  c.a.n.c.u.ParamUtil - [<clinit>,87] - [settings] [req-serv] nacos-server port:8848
21:21:29.493 [main] INFO  c.a.n.c.u.ParamUtil - [<clinit>,98] - [settings] [http-client] connect timeout:1000
21:21:29.494 [main] INFO  c.a.n.c.u.ParamUtil - [<clinit>,105] - PER_TASK_CONFIG_SIZE: 3000.0
21:21:29.507 [main] INFO  c.a.n.p.a.s.c.ClientAuthPluginManager - [init,56] - [ClientAuthPluginManager] Load ClientAuthService com.alibaba.nacos.client.auth.impl.NacosClientAuthServiceImpl success.
21:21:29.507 [main] INFO  c.a.n.p.a.s.c.ClientAuthPluginManager - [init,56] - [ClientAuthPluginManager] Load ClientAuthService com.alibaba.nacos.client.auth.ram.RamClientAuthServiceImpl success.
21:21:29.528 [main] INFO  c.a.n.c.a.r.i.CredentialWatcher - [loadCredential,165] - null No credential found
21:21:29.559 [main] INFO  c.a.n.c.c.i.LocalConfigInfoProcessor - [<clinit>,63] - LOCAL_SNAPSHOT_PATH:/Users/fly/nacos/config
21:21:29.560 [main] INFO  c.a.n.c.r.client - [lambda$createClient$0,108] - [RpcClientFactory] create a new rpc client of 4035d021-1d83-4036-a727-24426ec2cbcf_config-0
21:21:29.567 [main] INFO  c.a.n.c.r.client - [printIfInfoEnabled,63] - [4035d021-1d83-4036-a727-24426ec2cbcf_config-0] Register server push request handler:com.alibaba.nacos.client.config.impl.ClientWorker$ConfigRpcTransportClient$$Lambda$562/0x000000f0013126e0
21:21:29.568 [main] INFO  c.a.n.c.r.client - [printIfInfoEnabled,63] - [4035d021-1d83-4036-a727-24426ec2cbcf_config-0] Register server push request handler:com.alibaba.nacos.client.config.impl.ClientWorker$ConfigRpcTransportClient$$Lambda$563/0x000000f001312b10
21:21:29.568 [main] INFO  c.a.n.c.r.client - [printIfInfoEnabled,63] - [4035d021-1d83-4036-a727-24426ec2cbcf_config-0] Registry connection listener to current client:com.alibaba.nacos.client.config.impl.ClientWorker$ConfigRpcTransportClient$1
21:21:29.568 [main] INFO  c.a.n.c.r.client - [printIfInfoEnabled,63] - [4035d021-1d83-4036-a727-24426ec2cbcf_config-0] RpcClient init, ServerListFactory = com.alibaba.nacos.client.config.impl.ClientWorker$ConfigRpcTransportClient$2
21:21:29.570 [main] INFO  c.a.n.c.r.client - [printIfInfoEnabled,63] - [4035d021-1d83-4036-a727-24426ec2cbcf_config-0] Try to connect to server on start up, server: {serverIp = 'localhost', server main port = 8848}
21:21:29.580 [main] INFO  c.a.n.c.r.c.g.GrpcClient - [createNewManagedChannel,182] - grpc client connection server:localhost ip,serverPort:9848,grpcTslConfig:{"sslProvider":"OPENSSL","enableTls":false,"mutualAuthEnable":false,"trustAll":false}
21:21:29.869 [main] INFO  c.a.n.c.r.client - [printIfInfoEnabled,63] - [4035d021-1d83-4036-a727-24426ec2cbcf_config-0] Success to connect to server [localhost:8848] on start up, connectionId = 1764595289739_192.168.215.1_34619
21:21:29.869 [com.alibaba.nacos.client.remote.worker] INFO  c.a.n.c.r.client - [printIfInfoEnabled,63] - [4035d021-1d83-4036-a727-24426ec2cbcf_config-0] Notify connected event to listeners.
21:21:29.870 [main] INFO  c.a.n.c.r.client - [printIfInfoEnabled,63] - [4035d021-1d83-4036-a727-24426ec2cbcf_config-0] Register server push request handler:com.alibaba.nacos.common.remote.client.RpcClient$ConnectResetRequestHandler
21:21:29.870 [com.alibaba.nacos.client.remote.worker] INFO  c.a.n.c.c.i.ClientWorker - [onConnected,639] - [4035d021-1d83-4036-a727-24426ec2cbcf_config-0] Connected,notify listen context...
21:21:29.870 [main] INFO  c.a.n.c.r.client - [printIfInfoEnabled,63] - [4035d021-1d83-4036-a727-24426ec2cbcf_config-0] Register server push request handler:com.alibaba.nacos.common.remote.client.RpcClient$$Lambda$580/0x000000f001456888
21:21:29.886 [main] INFO  c.a.n.c.c.i.Limiter - [<clinit>,62] - limitTime:5.0
21:21:29.910 [main] INFO  c.a.n.c.c.u.JvmUtil - [<clinit>,54] - isMultiInstance:false
21:21:29.912 [main] INFO  o.s.c.b.c.PropertySourceBootstrapConfiguration - [initialize,108] - Located property source: [BootstrapPropertySource {name='bootstrapProperties-system-local.yaml,DEFAULT_GROUP'}, BootstrapPropertySource {name='bootstrapProperties-system.yaml,DEFAULT_GROUP'}, BootstrapPropertySource {name='bootstrapProperties-system,DEFAULT_GROUP'}]
21:21:29.914 [main] INFO  c.f.s.SystemApplication - [logStartupProfileInfo,636] - The following 1 profile is active: "local"
21:21:30.125 [main] INFO  o.s.c.c.s.GenericScope - [setSerializationId,282] - BeanFactory id=5d039b0f-ca01-3c61-a418-dce3054f9c02
21:21:30.222 [main] INFO  o.s.b.w.e.t.TomcatWebServer - [initialize,108] - Tomcat initialized with port(s): 9201 (http)
21:21:30.226 [main] INFO  o.a.c.h.Http11NioProtocol - [log,173] - Initializing ProtocolHandler ["http-nio-9201"]
21:21:30.226 [main] INFO  o.a.c.c.StandardService - [log,173] - Starting service [Tomcat]
21:21:30.226 [main] INFO  o.a.c.c.StandardEngine - [log,173] - Starting Servlet engine: [Apache Tomcat/10.1.4]
21:21:30.254 [main] INFO  o.a.c.c.C.[.[.[/] - [log,173] - Initializing Spring embedded WebApplicationContext
21:21:30.254 [main] INFO  o.s.b.w.s.c.ServletWebServerApplicationContext - [prepareWebApplicationContext,291] - Root WebApplicationContext: initialization completed in 334 ms
21:21:30.519 [main] INFO  o.a.c.h.Http11NioProtocol - [log,173] - Starting ProtocolHandler ["http-nio-9201"]
21:21:30.522 [main] INFO  o.s.b.w.e.t.TomcatWebServer - [start,220] - Tomcat started on port(s): 9201 (http) with context path ''
21:21:30.524 [main] INFO  c.a.n.client.naming - [initNamespaceForNaming,62] - initializer namespace from ans.namespace attribute : null
21:21:30.524 [main] INFO  c.a.n.client.naming - [lambda$initNamespaceForNaming$0,66] - initializer namespace from ALIBABA_ALIWARE_NAMESPACE attribute :null
21:21:30.524 [main] INFO  c.a.n.client.naming - [lambda$initNamespaceForNaming$1,73] - initializer namespace from namespace attribute :null
21:21:30.526 [main] INFO  c.a.n.p.a.s.c.ClientAuthPluginManager - [init,56] - [ClientAuthPluginManager] Load ClientAuthService com.alibaba.nacos.client.auth.impl.NacosClientAuthServiceImpl success.
21:21:30.526 [main] INFO  c.a.n.p.a.s.c.ClientAuthPluginManager - [init,56] - [ClientAuthPluginManager] Load ClientAuthService com.alibaba.nacos.client.auth.ram.RamClientAuthServiceImpl success.
21:21:30.527 [main] INFO  c.a.n.c.r.client - [lambda$createClient$0,108] - [RpcClientFactory] create a new rpc client of 0100fa7d-683e-45ec-beaf-4369d3f6c86d
21:21:30.528 [main] INFO  c.a.n.c.r.client - [printIfInfoEnabled,63] - [0100fa7d-683e-45ec-beaf-4369d3f6c86d] RpcClient init, ServerListFactory = com.alibaba.nacos.client.naming.core.ServerListManager
21:21:30.528 [main] INFO  c.a.n.c.r.client - [printIfInfoEnabled,63] - [0100fa7d-683e-45ec-beaf-4369d3f6c86d] Registry connection listener to current client:com.alibaba.nacos.client.naming.remote.gprc.redo.NamingGrpcRedoService
21:21:30.528 [main] INFO  c.a.n.c.r.client - [printIfInfoEnabled,63] - [0100fa7d-683e-45ec-beaf-4369d3f6c86d] Register server push request handler:com.alibaba.nacos.client.naming.remote.gprc.NamingPushRequestHandler
21:21:30.528 [main] INFO  c.a.n.c.r.client - [printIfInfoEnabled,63] - [0100fa7d-683e-45ec-beaf-4369d3f6c86d] Try to connect to server on start up, server: {serverIp = 'localhost', server main port = 8848}
21:21:30.528 [main] INFO  c.a.n.c.r.c.g.GrpcClient - [createNewManagedChannel,182] - grpc client connection server:localhost ip,serverPort:9848,grpcTslConfig:{"sslProvider":"OPENSSL","enableTls":false,"mutualAuthEnable":false,"trustAll":false}
21:21:30.644 [main] INFO  c.a.n.c.r.client - [printIfInfoEnabled,63] - [0100fa7d-683e-45ec-beaf-4369d3f6c86d] Success to connect to server [localhost:8848] on start up, connectionId = 1764595290537_192.168.215.1_21437
21:21:30.645 [main] INFO  c.a.n.c.r.client - [printIfInfoEnabled,63] - [0100fa7d-683e-45ec-beaf-4369d3f6c86d] Register server push request handler:com.alibaba.nacos.common.remote.client.RpcClient$ConnectResetRequestHandler
21:21:30.645 [com.alibaba.nacos.client.remote.worker] INFO  c.a.n.c.r.client - [printIfInfoEnabled,63] - [0100fa7d-683e-45ec-beaf-4369d3f6c86d] Notify connected event to listeners.
21:21:30.645 [main] INFO  c.a.n.c.r.client - [printIfInfoEnabled,63] - [0100fa7d-683e-45ec-beaf-4369d3f6c86d] Register server push request handler:com.alibaba.nacos.common.remote.client.RpcClient$$Lambda$580/0x000000f001456888
21:21:30.645 [com.alibaba.nacos.client.remote.worker] INFO  c.a.n.client.naming - [onConnected,78] - Grpc connection connect
21:21:30.645 [main] INFO  c.a.n.client.naming - [registerService,121] - [REGISTER-SERVICE] 32cb8bb4-5304-49f6-aea7-cd444ea20192 registering service system with instance Instance{instanceId='null', ip='192.168.1.117', port=9201, weight=1.0, healthy=true, enabled=true, ephemeral=true, clusterName='DEFAULT', serviceName='null', metadata={IPv6=[240e:335:246:3330:a496:b8e3:7e23:5e96], preserved.register.source=SPRING_CLOUD}}
21:21:30.653 [main] INFO  c.a.c.n.r.NacosServiceRegistry - [register,76] - nacos registry, DEFAULT_GROUP system 192.168.1.117:9201 register finished
21:21:30.660 [main] INFO  c.f.s.SystemApplication - [logStarted,57] - Started SystemApplication in 1.375 seconds (process running for 1.626)
21:21:30.662 [main] INFO  c.a.n.c.c.i.CacheData - [<clinit>,67] - nacos.cache.data.init.snapshot = true 
21:21:30.662 [main] INFO  c.a.n.c.c.i.ClientWorker - [addCacheDataIfAbsent,380] - [fixed-32cb8bb4-5304-49f6-aea7-cd444ea20192-localhost_8848] [subscribe] system-local.yaml+DEFAULT_GROUP+32cb8bb4-5304-49f6-aea7-cd444ea20192
21:21:30.665 [main] INFO  c.a.n.c.c.i.CacheData - [addListener,197] - [fixed-32cb8bb4-5304-49f6-aea7-cd444ea20192-localhost_8848] [add-listener] ok, tenant=32cb8bb4-5304-49f6-aea7-cd444ea20192, dataId=system-local.yaml, group=DEFAULT_GROUP, cnt=1
21:21:30.666 [main] INFO  c.a.c.n.r.NacosContextRefresher - [registerNacosListener,129] - [Nacos Config] Listening config: dataId=system-local.yaml, group=DEFAULT_GROUP
21:21:30.666 [main] INFO  c.a.n.c.c.i.ClientWorker - [addCacheDataIfAbsent,380] - [fixed-32cb8bb4-5304-49f6-aea7-cd444ea20192-localhost_8848] [subscribe] system.yaml+DEFAULT_GROUP+32cb8bb4-5304-49f6-aea7-cd444ea20192
21:21:30.666 [main] INFO  c.a.n.c.c.i.CacheData - [addListener,197] - [fixed-32cb8bb4-5304-49f6-aea7-cd444ea20192-localhost_8848] [add-listener] ok, tenant=32cb8bb4-5304-49f6-aea7-cd444ea20192, dataId=system.yaml, group=DEFAULT_GROUP, cnt=1
21:21:30.666 [main] INFO  c.a.c.n.r.NacosContextRefresher - [registerNacosListener,129] - [Nacos Config] Listening config: dataId=system.yaml, group=DEFAULT_GROUP
21:21:30.666 [main] INFO  c.a.n.c.c.i.ClientWorker - [addCacheDataIfAbsent,380] - [fixed-32cb8bb4-5304-49f6-aea7-cd444ea20192-localhost_8848] [subscribe] system+DEFAULT_GROUP+32cb8bb4-5304-49f6-aea7-cd444ea20192
21:21:30.666 [main] INFO  c.a.n.c.c.i.CacheData - [addListener,197] - [fixed-32cb8bb4-5304-49f6-aea7-cd444ea20192-localhost_8848] [add-listener] ok, tenant=32cb8bb4-5304-49f6-aea7-cd444ea20192, dataId=system, group=DEFAULT_GROUP, cnt=1
21:21:30.666 [main] INFO  c.a.c.n.r.NacosContextRefresher - [registerNacosListener,129] - [Nacos Config] Listening config: dataId=system, group=DEFAULT_GROUP
21:23:07.272 [http-nio-9201-exec-1] INFO  o.a.c.c.C.[.[.[/] - [log,173] - Initializing Spring DispatcherServlet 'dispatcherServlet'
21:23:07.273 [http-nio-9201-exec-1] INFO  o.s.w.s.DispatcherServlet - [initServletBean,532] - Initializing Servlet 'dispatcherServlet'
21:23:07.274 [http-nio-9201-exec-1] INFO  o.s.w.s.DispatcherServlet - [initServletBean,554] - Completed initialization in 1 ms
21:23:07.316 [http-nio-9201-exec-1] INFO  c.z.h.HikariDataSource - [getConnection,110] - HikariPool-1 - Starting...
21:23:07.438 [http-nio-9201-exec-1] INFO  c.z.h.p.HikariPool - [checkFailFast,565] - HikariPool-1 - Added connection com.mysql.cj.jdbc.ConnectionImpl@7e490201
21:23:07.439 [http-nio-9201-exec-1] INFO  c.z.h.HikariDataSource - [getConnection,123] - HikariPool-1 - Start completed.
21:25:01.211 [SpringApplicationShutdownHook] INFO  c.a.c.n.r.NacosServiceRegistry - [deregister,95] - De-registering from Nacos Server now...
21:25:01.212 [SpringApplicationShutdownHook] INFO  c.a.n.client.naming - [deregisterService,217] - [DEREGISTER-SERVICE] 32cb8bb4-5304-49f6-aea7-cd444ea20192 deregistering service system with instance: Instance{instanceId='null', ip='192.168.1.117', port=9201, weight=1.0, healthy=true, enabled=true, ephemeral=true, clusterName='DEFAULT', serviceName='null', metadata={}}
21:25:01.217 [SpringApplicationShutdownHook] INFO  c.a.c.n.r.NacosServiceRegistry - [deregister,115] - De-registration finished.
21:25:01.217 [SpringApplicationShutdownHook] INFO  c.a.n.client.naming - [shutdown,256] - com.alibaba.nacos.client.naming.cache.ServiceInfoHolder do shutdown begin
21:25:01.217 [SpringApplicationShutdownHook] INFO  c.a.n.client.naming - [shutdown,136] - com.alibaba.nacos.client.naming.backups.FailoverReactor do shutdown begin
21:25:01.217 [SpringApplicationShutdownHook] INFO  c.a.n.client.naming - [shutdown,138] - com.alibaba.nacos.client.naming.backups.FailoverReactor do shutdown stop
21:25:01.217 [SpringApplicationShutdownHook] INFO  c.a.n.client.naming - [shutdown,258] - com.alibaba.nacos.client.naming.cache.ServiceInfoHolder do shutdown stop
21:25:01.218 [SpringApplicationShutdownHook] INFO  c.a.n.client.naming - [shutdown,204] - com.alibaba.nacos.client.naming.remote.NamingClientProxyDelegate do shutdown begin
21:25:01.218 [SpringApplicationShutdownHook] INFO  c.a.n.client.naming - [shutdown,143] - com.alibaba.nacos.client.naming.core.ServiceInfoUpdateService do shutdown begin
21:25:01.218 [SpringApplicationShutdownHook] INFO  c.a.n.client.naming - [shutdown,145] - com.alibaba.nacos.client.naming.core.ServiceInfoUpdateService do shutdown stop
21:25:01.218 [SpringApplicationShutdownHook] INFO  c.a.n.client.naming - [shutdown,194] - com.alibaba.nacos.client.naming.core.ServerListManager do shutdown begin
21:25:01.218 [SpringApplicationShutdownHook] INFO  c.a.n.client.naming - [shutdown,199] - com.alibaba.nacos.client.naming.core.ServerListManager do shutdown stop
21:25:01.218 [SpringApplicationShutdownHook] INFO  c.a.n.client.naming - [shutdown,484] - com.alibaba.nacos.client.naming.remote.http.NamingHttpClientProxy do shutdown begin
21:25:01.218 [SpringApplicationShutdownHook] INFO  c.a.n.client.naming - [shutdown,486] - com.alibaba.nacos.client.naming.remote.http.NamingHttpClientProxy do shutdown stop
21:25:01.218 [SpringApplicationShutdownHook] INFO  c.a.n.c.r.client - [shutdown,429] - Shutdown rpc client, set status to shutdown
21:25:01.218 [SpringApplicationShutdownHook] INFO  c.a.n.c.r.client - [shutdown,431] - Shutdown client event executor java.util.concurrent.ScheduledThreadPoolExecutor@36cf48ab[Running, pool size = 2, active threads = 2, queued tasks = 0, completed tasks = 0]
21:25:01.218 [SpringApplicationShutdownHook] INFO  c.a.n.c.r.client - [closeConnection,584] - Close current connection 1764595290537_192.168.215.1_21437
21:25:01.220 [SpringApplicationShutdownHook] INFO  c.a.n.c.r.c.g.GrpcClient - [shutdown,159] - Shutdown grpc executor java.util.concurrent.ThreadPoolExecutor@6a6b03fd[Running, pool size = 7, active threads = 0, queued tasks = 0, completed tasks = 100]
21:25:01.220 [SpringApplicationShutdownHook] INFO  c.a.n.client.naming - [shutdown,318] - Shutdown grpc redo service executor java.util.concurrent.ScheduledThreadPoolExecutor@1f3fb236[Running, pool size = 1, active threads = 0, queued tasks = 1, completed tasks = 70]
21:25:01.220 [SpringApplicationShutdownHook] INFO  c.a.n.c.a.r.i.CredentialWatcher - [stop,106] - [null] CredentialWatcher is stopped
21:25:01.220 [SpringApplicationShutdownHook] INFO  c.a.n.c.a.r.i.CredentialService - [free,100] - [null] CredentialService is freed
21:25:01.220 [SpringApplicationShutdownHook] INFO  c.a.n.client.naming - [shutdown,211] - com.alibaba.nacos.client.naming.remote.NamingClientProxyDelegate do shutdown stop
21:25:01.221 [SpringApplicationShutdownHook] INFO  c.z.h.HikariDataSource - [close,350] - HikariPool-1 - Shutdown initiated...
21:25:01.229 [SpringApplicationShutdownHook] INFO  c.z.h.HikariDataSource - [close,352] - HikariPool-1 - Shutdown completed.
